[2022-02-20 08:51:11,164] {taskinstance.py:1032} INFO - Dependencies all met for <TaskInstance: LocalIngestionDAG.ingest scheduled__2021-12-02T06:00:00+00:00 [queued]>
[2022-02-20 08:51:11,184] {taskinstance.py:1032} INFO - Dependencies all met for <TaskInstance: LocalIngestionDAG.ingest scheduled__2021-12-02T06:00:00+00:00 [queued]>
[2022-02-20 08:51:11,184] {taskinstance.py:1238} INFO - 
--------------------------------------------------------------------------------
[2022-02-20 08:51:11,185] {taskinstance.py:1239} INFO - Starting attempt 1 of 1
[2022-02-20 08:51:11,185] {taskinstance.py:1240} INFO - 
--------------------------------------------------------------------------------
[2022-02-20 08:51:11,205] {taskinstance.py:1259} INFO - Executing <Task(BashOperator): ingest> on 2021-12-02 06:00:00+00:00
[2022-02-20 08:51:11,217] {standard_task_runner.py:52} INFO - Started process 1049 to run task
[2022-02-20 08:51:11,224] {standard_task_runner.py:76} INFO - Running: ['***', 'tasks', 'run', 'LocalIngestionDAG', 'ingest', 'scheduled__2021-12-02T06:00:00+00:00', '--job-id', '92', '--raw', '--subdir', 'DAGS_FOLDER/data_ingestion_local.py', '--cfg-path', '/tmp/tmpuxl9ubtq', '--error-file', '/tmp/tmpqy23wc6p']
[2022-02-20 08:51:11,225] {standard_task_runner.py:77} INFO - Job 92: Subtask ingest
[2022-02-20 08:51:11,309] {logging_mixin.py:109} INFO - Running <TaskInstance: LocalIngestionDAG.ingest scheduled__2021-12-02T06:00:00+00:00 [running]> on host 8b74b73dd532
[2022-02-20 08:51:11,377] {taskinstance.py:1426} INFO - Exporting the following env vars:
AIRFLOW_CTX_DAG_OWNER=***
AIRFLOW_CTX_DAG_ID=LocalIngestionDAG
AIRFLOW_CTX_TASK_ID=ingest
AIRFLOW_CTX_EXECUTION_DATE=2021-12-02T06:00:00+00:00
AIRFLOW_CTX_DAG_RUN_ID=scheduled__2021-12-02T06:00:00+00:00
[2022-02-20 08:51:11,378] {subprocess.py:62} INFO - Tmp dir root location: 
 /tmp
[2022-02-20 08:51:11,379] {subprocess.py:74} INFO - Running command: ['bash', '-c', 'echo "hello world ingestion"']
[2022-02-20 08:51:11,392] {subprocess.py:85} INFO - Output:
[2022-02-20 08:51:11,393] {subprocess.py:89} INFO - hello world ingestion
[2022-02-20 08:51:11,394] {subprocess.py:93} INFO - Command exited with return code 0
[2022-02-20 08:51:11,424] {taskinstance.py:1277} INFO - Marking task as SUCCESS. dag_id=LocalIngestionDAG, task_id=ingest, execution_date=20211202T060000, start_date=20220220T085111, end_date=20220220T085111
[2022-02-20 08:51:11,481] {local_task_job.py:154} INFO - Task exited with return code 0
[2022-02-20 08:51:11,514] {local_task_job.py:264} INFO - 0 downstream tasks scheduled from follow-on schedule check
