[2022-02-20 08:51:06,647] {taskinstance.py:1032} INFO - Dependencies all met for <TaskInstance: LocalIngestionDAG.ingest scheduled__2021-07-02T06:00:00+00:00 [queued]>
[2022-02-20 08:51:06,664] {taskinstance.py:1032} INFO - Dependencies all met for <TaskInstance: LocalIngestionDAG.ingest scheduled__2021-07-02T06:00:00+00:00 [queued]>
[2022-02-20 08:51:06,664] {taskinstance.py:1238} INFO - 
--------------------------------------------------------------------------------
[2022-02-20 08:51:06,664] {taskinstance.py:1239} INFO - Starting attempt 1 of 1
[2022-02-20 08:51:06,664] {taskinstance.py:1240} INFO - 
--------------------------------------------------------------------------------
[2022-02-20 08:51:06,685] {taskinstance.py:1259} INFO - Executing <Task(BashOperator): ingest> on 2021-07-02 06:00:00+00:00
[2022-02-20 08:51:06,690] {standard_task_runner.py:52} INFO - Started process 1022 to run task
[2022-02-20 08:51:06,709] {standard_task_runner.py:76} INFO - Running: ['***', 'tasks', 'run', 'LocalIngestionDAG', 'ingest', 'scheduled__2021-07-02T06:00:00+00:00', '--job-id', '83', '--raw', '--subdir', 'DAGS_FOLDER/data_ingestion_local.py', '--cfg-path', '/tmp/tmpfcrq6qqo', '--error-file', '/tmp/tmpnx96_0k3']
[2022-02-20 08:51:06,710] {standard_task_runner.py:77} INFO - Job 83: Subtask ingest
[2022-02-20 08:51:06,867] {logging_mixin.py:109} INFO - Running <TaskInstance: LocalIngestionDAG.ingest scheduled__2021-07-02T06:00:00+00:00 [running]> on host 8b74b73dd532
[2022-02-20 08:51:06,972] {taskinstance.py:1426} INFO - Exporting the following env vars:
AIRFLOW_CTX_DAG_OWNER=***
AIRFLOW_CTX_DAG_ID=LocalIngestionDAG
AIRFLOW_CTX_TASK_ID=ingest
AIRFLOW_CTX_EXECUTION_DATE=2021-07-02T06:00:00+00:00
AIRFLOW_CTX_DAG_RUN_ID=scheduled__2021-07-02T06:00:00+00:00
[2022-02-20 08:51:06,973] {subprocess.py:62} INFO - Tmp dir root location: 
 /tmp
[2022-02-20 08:51:06,974] {subprocess.py:74} INFO - Running command: ['bash', '-c', 'echo "hello world ingestion"']
[2022-02-20 08:51:06,991] {subprocess.py:85} INFO - Output:
[2022-02-20 08:51:06,995] {subprocess.py:89} INFO - hello world ingestion
[2022-02-20 08:51:06,996] {subprocess.py:93} INFO - Command exited with return code 0
[2022-02-20 08:51:07,042] {taskinstance.py:1277} INFO - Marking task as SUCCESS. dag_id=LocalIngestionDAG, task_id=ingest, execution_date=20210702T060000, start_date=20220220T085106, end_date=20220220T085107
[2022-02-20 08:51:07,080] {local_task_job.py:154} INFO - Task exited with return code 0
[2022-02-20 08:51:07,130] {local_task_job.py:264} INFO - 0 downstream tasks scheduled from follow-on schedule check
