[2022-02-18 18:58:52,479] {taskinstance.py:1032} INFO - Dependencies all met for <TaskInstance: data_ingestion_gcs_dag.download_dataset_task scheduled__2022-02-17T00:00:00+00:00 [queued]>
[2022-02-18 18:58:52,485] {taskinstance.py:1032} INFO - Dependencies all met for <TaskInstance: data_ingestion_gcs_dag.download_dataset_task scheduled__2022-02-17T00:00:00+00:00 [queued]>
[2022-02-18 18:58:52,485] {taskinstance.py:1238} INFO - 
--------------------------------------------------------------------------------
[2022-02-18 18:58:52,485] {taskinstance.py:1239} INFO - Starting attempt 1 of 2
[2022-02-18 18:58:52,485] {taskinstance.py:1240} INFO - 
--------------------------------------------------------------------------------
[2022-02-18 18:58:52,508] {taskinstance.py:1259} INFO - Executing <Task(BashOperator): download_dataset_task> on 2022-02-17 00:00:00+00:00
[2022-02-18 18:58:52,511] {standard_task_runner.py:52} INFO - Started process 1689 to run task
[2022-02-18 18:58:52,512] {standard_task_runner.py:76} INFO - Running: ['***', 'tasks', 'run', 'data_ingestion_gcs_dag', 'download_dataset_task', 'scheduled__2022-02-17T00:00:00+00:00', '--job-id', '41', '--raw', '--subdir', 'DAGS_FOLDER/data_ingestion_gcs_dag.py', '--cfg-path', '/tmp/tmpd9qzdw63', '--error-file', '/tmp/tmpc6w219_d']
[2022-02-18 18:58:52,513] {standard_task_runner.py:77} INFO - Job 41: Subtask download_dataset_task
[2022-02-18 18:58:52,548] {logging_mixin.py:109} INFO - Running <TaskInstance: data_ingestion_gcs_dag.download_dataset_task scheduled__2022-02-17T00:00:00+00:00 [running]> on host 407331d5fa92
[2022-02-18 18:58:52,645] {taskinstance.py:1426} INFO - Exporting the following env vars:
AIRFLOW_CTX_DAG_OWNER=***
AIRFLOW_CTX_DAG_ID=data_ingestion_gcs_dag
AIRFLOW_CTX_TASK_ID=download_dataset_task
AIRFLOW_CTX_EXECUTION_DATE=2022-02-17T00:00:00+00:00
AIRFLOW_CTX_DAG_RUN_ID=scheduled__2022-02-17T00:00:00+00:00
[2022-02-18 18:58:52,646] {subprocess.py:62} INFO - Tmp dir root location: 
 /tmp
[2022-02-18 18:58:52,646] {subprocess.py:74} INFO - Running command: ['bash', '-c', 'curl -sSL https://s3.amazonaws.com/nyc-tlc/trip+data/yellow_tripdata_2021-01.csv > /opt/***/yellow_tripdata_2021-01.csv']
[2022-02-18 18:58:52,653] {subprocess.py:85} INFO - Output:
[2022-02-18 19:06:21,854] {subprocess.py:93} INFO - Command exited with return code 0
[2022-02-18 19:06:21,873] {taskinstance.py:1277} INFO - Marking task as SUCCESS. dag_id=data_ingestion_gcs_dag, task_id=download_dataset_task, execution_date=20220217T000000, start_date=20220218T185852, end_date=20220218T190621
[2022-02-18 19:06:21,954] {local_task_job.py:154} INFO - Task exited with return code 0
[2022-02-18 19:06:21,983] {local_task_job.py:264} INFO - 1 downstream tasks scheduled from follow-on schedule check
