[2022-02-18 19:06:23,425] {taskinstance.py:1032} INFO - Dependencies all met for <TaskInstance: data_ingestion_gcs_dag.format_to_parquet_task scheduled__2022-02-17T00:00:00+00:00 [queued]>
[2022-02-18 19:06:23,431] {taskinstance.py:1032} INFO - Dependencies all met for <TaskInstance: data_ingestion_gcs_dag.format_to_parquet_task scheduled__2022-02-17T00:00:00+00:00 [queued]>
[2022-02-18 19:06:23,431] {taskinstance.py:1238} INFO - 
--------------------------------------------------------------------------------
[2022-02-18 19:06:23,431] {taskinstance.py:1239} INFO - Starting attempt 1 of 2
[2022-02-18 19:06:23,432] {taskinstance.py:1240} INFO - 
--------------------------------------------------------------------------------
[2022-02-18 19:06:23,441] {taskinstance.py:1259} INFO - Executing <Task(PythonOperator): format_to_parquet_task> on 2022-02-17 00:00:00+00:00
[2022-02-18 19:06:23,445] {standard_task_runner.py:52} INFO - Started process 2040 to run task
[2022-02-18 19:06:23,446] {standard_task_runner.py:76} INFO - Running: ['***', 'tasks', 'run', 'data_ingestion_gcs_dag', 'format_to_parquet_task', 'scheduled__2022-02-17T00:00:00+00:00', '--job-id', '42', '--raw', '--subdir', 'DAGS_FOLDER/data_ingestion_gcs_dag.py', '--cfg-path', '/tmp/tmp4907ztkb', '--error-file', '/tmp/tmpaqymhwck']
[2022-02-18 19:06:23,447] {standard_task_runner.py:77} INFO - Job 42: Subtask format_to_parquet_task
[2022-02-18 19:06:23,480] {logging_mixin.py:109} INFO - Running <TaskInstance: data_ingestion_gcs_dag.format_to_parquet_task scheduled__2022-02-17T00:00:00+00:00 [running]> on host 407331d5fa92
[2022-02-18 19:06:23,520] {taskinstance.py:1426} INFO - Exporting the following env vars:
AIRFLOW_CTX_DAG_OWNER=***
AIRFLOW_CTX_DAG_ID=data_ingestion_gcs_dag
AIRFLOW_CTX_TASK_ID=format_to_parquet_task
AIRFLOW_CTX_EXECUTION_DATE=2022-02-17T00:00:00+00:00
AIRFLOW_CTX_DAG_RUN_ID=scheduled__2022-02-17T00:00:00+00:00
[2022-02-18 19:06:24,226] {python.py:175} INFO - Done. Returned value was: None
[2022-02-18 19:06:24,234] {taskinstance.py:1277} INFO - Marking task as SUCCESS. dag_id=data_ingestion_gcs_dag, task_id=format_to_parquet_task, execution_date=20220217T000000, start_date=20220218T190623, end_date=20220218T190624
[2022-02-18 19:06:24,300] {local_task_job.py:154} INFO - Task exited with return code 0
[2022-02-18 19:06:24,341] {local_task_job.py:264} INFO - 1 downstream tasks scheduled from follow-on schedule check
