[2022-02-20 08:51:02,523] {taskinstance.py:1032} INFO - Dependencies all met for <TaskInstance: LocalIngestionDAG.ingest manual__2022-02-20T08:50:59.356885+00:00 [queued]>
[2022-02-20 08:51:02,575] {taskinstance.py:1032} INFO - Dependencies all met for <TaskInstance: LocalIngestionDAG.ingest manual__2022-02-20T08:50:59.356885+00:00 [queued]>
[2022-02-20 08:51:02,576] {taskinstance.py:1238} INFO - 
--------------------------------------------------------------------------------
[2022-02-20 08:51:02,576] {taskinstance.py:1239} INFO - Starting attempt 1 of 1
[2022-02-20 08:51:02,576] {taskinstance.py:1240} INFO - 
--------------------------------------------------------------------------------
[2022-02-20 08:51:02,671] {taskinstance.py:1259} INFO - Executing <Task(BashOperator): ingest> on 2022-02-20 08:50:59.356885+00:00
[2022-02-20 08:51:02,690] {standard_task_runner.py:52} INFO - Started process 991 to run task
[2022-02-20 08:51:02,694] {standard_task_runner.py:76} INFO - Running: ['***', 'tasks', 'run', 'LocalIngestionDAG', 'ingest', 'manual__2022-02-20T08:50:59.356885+00:00', '--job-id', '72', '--raw', '--subdir', 'DAGS_FOLDER/data_ingestion_local.py', '--cfg-path', '/tmp/tmp9e0l7mt3', '--error-file', '/tmp/tmpdj9n_4lr']
[2022-02-20 08:51:02,700] {standard_task_runner.py:77} INFO - Job 72: Subtask ingest
[2022-02-20 08:51:02,933] {logging_mixin.py:109} INFO - Running <TaskInstance: LocalIngestionDAG.ingest manual__2022-02-20T08:50:59.356885+00:00 [running]> on host 8b74b73dd532
[2022-02-20 08:51:03,118] {taskinstance.py:1426} INFO - Exporting the following env vars:
AIRFLOW_CTX_DAG_OWNER=***
AIRFLOW_CTX_DAG_ID=LocalIngestionDAG
AIRFLOW_CTX_TASK_ID=ingest
AIRFLOW_CTX_EXECUTION_DATE=2022-02-20T08:50:59.356885+00:00
AIRFLOW_CTX_DAG_RUN_ID=manual__2022-02-20T08:50:59.356885+00:00
[2022-02-20 08:51:03,119] {subprocess.py:62} INFO - Tmp dir root location: 
 /tmp
[2022-02-20 08:51:03,120] {subprocess.py:74} INFO - Running command: ['bash', '-c', 'echo "hello world ingestion"']
[2022-02-20 08:51:03,167] {subprocess.py:85} INFO - Output:
[2022-02-20 08:51:03,175] {subprocess.py:89} INFO - hello world ingestion
[2022-02-20 08:51:03,178] {subprocess.py:93} INFO - Command exited with return code 0
[2022-02-20 08:51:03,276] {taskinstance.py:1277} INFO - Marking task as SUCCESS. dag_id=LocalIngestionDAG, task_id=ingest, execution_date=20220220T085059, start_date=20220220T085102, end_date=20220220T085103
[2022-02-20 08:51:03,429] {local_task_job.py:154} INFO - Task exited with return code 0
[2022-02-20 08:51:03,520] {local_task_job.py:264} INFO - 0 downstream tasks scheduled from follow-on schedule check
