[2022-02-20 08:51:03,384] {taskinstance.py:1032} INFO - Dependencies all met for <TaskInstance: LocalIngestionDAG.ingest scheduled__2021-02-02T06:00:00+00:00 [queued]>
[2022-02-20 08:51:03,449] {taskinstance.py:1032} INFO - Dependencies all met for <TaskInstance: LocalIngestionDAG.ingest scheduled__2021-02-02T06:00:00+00:00 [queued]>
[2022-02-20 08:51:03,449] {taskinstance.py:1238} INFO - 
--------------------------------------------------------------------------------
[2022-02-20 08:51:03,449] {taskinstance.py:1239} INFO - Starting attempt 1 of 1
[2022-02-20 08:51:03,449] {taskinstance.py:1240} INFO - 
--------------------------------------------------------------------------------
[2022-02-20 08:51:03,559] {taskinstance.py:1259} INFO - Executing <Task(BashOperator): ingest> on 2021-02-02 06:00:00+00:00
[2022-02-20 08:51:03,571] {standard_task_runner.py:52} INFO - Started process 1001 to run task
[2022-02-20 08:51:03,617] {standard_task_runner.py:76} INFO - Running: ['***', 'tasks', 'run', 'LocalIngestionDAG', 'ingest', 'scheduled__2021-02-02T06:00:00+00:00', '--job-id', '75', '--raw', '--subdir', 'DAGS_FOLDER/data_ingestion_local.py', '--cfg-path', '/tmp/tmpurg7tdpq', '--error-file', '/tmp/tmphxf9_1be']
[2022-02-20 08:51:03,627] {standard_task_runner.py:77} INFO - Job 75: Subtask ingest
[2022-02-20 08:51:03,845] {logging_mixin.py:109} INFO - Running <TaskInstance: LocalIngestionDAG.ingest scheduled__2021-02-02T06:00:00+00:00 [running]> on host 8b74b73dd532
[2022-02-20 08:51:04,133] {taskinstance.py:1426} INFO - Exporting the following env vars:
AIRFLOW_CTX_DAG_OWNER=***
AIRFLOW_CTX_DAG_ID=LocalIngestionDAG
AIRFLOW_CTX_TASK_ID=ingest
AIRFLOW_CTX_EXECUTION_DATE=2021-02-02T06:00:00+00:00
AIRFLOW_CTX_DAG_RUN_ID=scheduled__2021-02-02T06:00:00+00:00
[2022-02-20 08:51:04,135] {subprocess.py:62} INFO - Tmp dir root location: 
 /tmp
[2022-02-20 08:51:04,136] {subprocess.py:74} INFO - Running command: ['bash', '-c', 'echo "hello world ingestion"']
[2022-02-20 08:51:04,212] {subprocess.py:85} INFO - Output:
[2022-02-20 08:51:04,233] {subprocess.py:89} INFO - hello world ingestion
[2022-02-20 08:51:04,234] {subprocess.py:93} INFO - Command exited with return code 0
[2022-02-20 08:51:04,329] {taskinstance.py:1277} INFO - Marking task as SUCCESS. dag_id=LocalIngestionDAG, task_id=ingest, execution_date=20210202T060000, start_date=20220220T085103, end_date=20220220T085104
[2022-02-20 08:51:04,431] {local_task_job.py:154} INFO - Task exited with return code 0
[2022-02-20 08:51:04,535] {local_task_job.py:264} INFO - 0 downstream tasks scheduled from follow-on schedule check
