[2022-02-18 19:07:45,886] {taskinstance.py:1032} INFO - Dependencies all met for <TaskInstance: data_ingestion_gcs_dag.download_dataset_task manual__2022-02-18T18:58:50.167352+00:00 [queued]>
[2022-02-18 19:07:45,892] {taskinstance.py:1032} INFO - Dependencies all met for <TaskInstance: data_ingestion_gcs_dag.download_dataset_task manual__2022-02-18T18:58:50.167352+00:00 [queued]>
[2022-02-18 19:07:45,892] {taskinstance.py:1238} INFO - 
--------------------------------------------------------------------------------
[2022-02-18 19:07:45,892] {taskinstance.py:1239} INFO - Starting attempt 1 of 2
[2022-02-18 19:07:45,893] {taskinstance.py:1240} INFO - 
--------------------------------------------------------------------------------
[2022-02-18 19:07:45,905] {taskinstance.py:1259} INFO - Executing <Task(BashOperator): download_dataset_task> on 2022-02-18 18:58:50.167352+00:00
[2022-02-18 19:07:45,909] {standard_task_runner.py:52} INFO - Started process 2122 to run task
[2022-02-18 19:07:45,911] {standard_task_runner.py:76} INFO - Running: ['***', 'tasks', 'run', 'data_ingestion_gcs_dag', 'download_dataset_task', 'manual__2022-02-18T18:58:50.167352+00:00', '--job-id', '45', '--raw', '--subdir', 'DAGS_FOLDER/data_ingestion_gcs_dag.py', '--cfg-path', '/tmp/tmp2ohmpzts', '--error-file', '/tmp/tmpxmwz24he']
[2022-02-18 19:07:45,911] {standard_task_runner.py:77} INFO - Job 45: Subtask download_dataset_task
[2022-02-18 19:07:45,946] {logging_mixin.py:109} INFO - Running <TaskInstance: data_ingestion_gcs_dag.download_dataset_task manual__2022-02-18T18:58:50.167352+00:00 [running]> on host 407331d5fa92
[2022-02-18 19:07:46,037] {taskinstance.py:1426} INFO - Exporting the following env vars:
AIRFLOW_CTX_DAG_OWNER=***
AIRFLOW_CTX_DAG_ID=data_ingestion_gcs_dag
AIRFLOW_CTX_TASK_ID=download_dataset_task
AIRFLOW_CTX_EXECUTION_DATE=2022-02-18T18:58:50.167352+00:00
AIRFLOW_CTX_DAG_RUN_ID=manual__2022-02-18T18:58:50.167352+00:00
[2022-02-18 19:07:46,038] {subprocess.py:62} INFO - Tmp dir root location: 
 /tmp
[2022-02-18 19:07:46,038] {subprocess.py:74} INFO - Running command: ['bash', '-c', 'curl -sSL https://s3.amazonaws.com/nyc-tlc/trip+data/yellow_tripdata_2021-01.csv > /opt/***/yellow_tripdata_2021-01.csv']
[2022-02-18 19:07:46,049] {subprocess.py:85} INFO - Output:
[2022-02-18 19:17:59,250] {subprocess.py:93} INFO - Command exited with return code 0
[2022-02-18 19:17:59,323] {taskinstance.py:1277} INFO - Marking task as SUCCESS. dag_id=data_ingestion_gcs_dag, task_id=download_dataset_task, execution_date=20220218T185850, start_date=20220218T190745, end_date=20220218T191759
[2022-02-18 19:17:59,379] {local_task_job.py:154} INFO - Task exited with return code 0
[2022-02-18 19:17:59,475] {local_task_job.py:264} INFO - 1 downstream tasks scheduled from follow-on schedule check
