[2022-02-20 08:51:01,809] {taskinstance.py:1032} INFO - Dependencies all met for <TaskInstance: LocalIngestionDAG.wget scheduled__2021-04-02T06:00:00+00:00 [queued]>
[2022-02-20 08:51:01,842] {taskinstance.py:1032} INFO - Dependencies all met for <TaskInstance: LocalIngestionDAG.wget scheduled__2021-04-02T06:00:00+00:00 [queued]>
[2022-02-20 08:51:01,842] {taskinstance.py:1238} INFO - 
--------------------------------------------------------------------------------
[2022-02-20 08:51:01,842] {taskinstance.py:1239} INFO - Starting attempt 1 of 1
[2022-02-20 08:51:01,843] {taskinstance.py:1240} INFO - 
--------------------------------------------------------------------------------
[2022-02-20 08:51:01,869] {taskinstance.py:1259} INFO - Executing <Task(BashOperator): wget> on 2021-04-02 06:00:00+00:00
[2022-02-20 08:51:01,925] {standard_task_runner.py:52} INFO - Started process 984 to run task
[2022-02-20 08:51:01,959] {standard_task_runner.py:76} INFO - Running: ['***', 'tasks', 'run', 'LocalIngestionDAG', 'wget', 'scheduled__2021-04-02T06:00:00+00:00', '--job-id', '70', '--raw', '--subdir', 'DAGS_FOLDER/data_ingestion_local.py', '--cfg-path', '/tmp/tmpjd1a79is', '--error-file', '/tmp/tmphratbr9p']
[2022-02-20 08:51:01,960] {standard_task_runner.py:77} INFO - Job 70: Subtask wget
[2022-02-20 08:51:02,110] {logging_mixin.py:109} INFO - Running <TaskInstance: LocalIngestionDAG.wget scheduled__2021-04-02T06:00:00+00:00 [running]> on host 8b74b73dd532
[2022-02-20 08:51:02,342] {taskinstance.py:1426} INFO - Exporting the following env vars:
AIRFLOW_CTX_DAG_OWNER=***
AIRFLOW_CTX_DAG_ID=LocalIngestionDAG
AIRFLOW_CTX_TASK_ID=wget
AIRFLOW_CTX_EXECUTION_DATE=2021-04-02T06:00:00+00:00
AIRFLOW_CTX_DAG_RUN_ID=scheduled__2021-04-02T06:00:00+00:00
[2022-02-20 08:51:02,344] {subprocess.py:62} INFO - Tmp dir root location: 
 /tmp
[2022-02-20 08:51:02,345] {subprocess.py:74} INFO - Running command: ['bash', '-c', 'echo "hello world"']
[2022-02-20 08:51:02,372] {subprocess.py:85} INFO - Output:
[2022-02-20 08:51:02,389] {subprocess.py:89} INFO - hello world
[2022-02-20 08:51:02,398] {subprocess.py:93} INFO - Command exited with return code 0
[2022-02-20 08:51:02,515] {taskinstance.py:1277} INFO - Marking task as SUCCESS. dag_id=LocalIngestionDAG, task_id=wget, execution_date=20210402T060000, start_date=20220220T085101, end_date=20220220T085102
[2022-02-20 08:51:02,609] {local_task_job.py:154} INFO - Task exited with return code 0
[2022-02-20 08:51:02,745] {local_task_job.py:264} INFO - 1 downstream tasks scheduled from follow-on schedule check
