[2022-02-20 08:51:04,271] {taskinstance.py:1032} INFO - Dependencies all met for <TaskInstance: LocalIngestionDAG.ingest scheduled__2021-04-02T06:00:00+00:00 [queued]>
[2022-02-20 08:51:04,330] {taskinstance.py:1032} INFO - Dependencies all met for <TaskInstance: LocalIngestionDAG.ingest scheduled__2021-04-02T06:00:00+00:00 [queued]>
[2022-02-20 08:51:04,339] {taskinstance.py:1238} INFO - 
--------------------------------------------------------------------------------
[2022-02-20 08:51:04,339] {taskinstance.py:1239} INFO - Starting attempt 1 of 1
[2022-02-20 08:51:04,340] {taskinstance.py:1240} INFO - 
--------------------------------------------------------------------------------
[2022-02-20 08:51:04,413] {taskinstance.py:1259} INFO - Executing <Task(BashOperator): ingest> on 2021-04-02 06:00:00+00:00
[2022-02-20 08:51:04,428] {standard_task_runner.py:52} INFO - Started process 1006 to run task
[2022-02-20 08:51:04,474] {standard_task_runner.py:76} INFO - Running: ['***', 'tasks', 'run', 'LocalIngestionDAG', 'ingest', 'scheduled__2021-04-02T06:00:00+00:00', '--job-id', '77', '--raw', '--subdir', 'DAGS_FOLDER/data_ingestion_local.py', '--cfg-path', '/tmp/tmp0zg2tepo', '--error-file', '/tmp/tmpfj5ohc1e']
[2022-02-20 08:51:04,474] {standard_task_runner.py:77} INFO - Job 77: Subtask ingest
[2022-02-20 08:51:04,804] {logging_mixin.py:109} INFO - Running <TaskInstance: LocalIngestionDAG.ingest scheduled__2021-04-02T06:00:00+00:00 [running]> on host 8b74b73dd532
[2022-02-20 08:51:05,066] {taskinstance.py:1426} INFO - Exporting the following env vars:
AIRFLOW_CTX_DAG_OWNER=***
AIRFLOW_CTX_DAG_ID=LocalIngestionDAG
AIRFLOW_CTX_TASK_ID=ingest
AIRFLOW_CTX_EXECUTION_DATE=2021-04-02T06:00:00+00:00
AIRFLOW_CTX_DAG_RUN_ID=scheduled__2021-04-02T06:00:00+00:00
[2022-02-20 08:51:05,067] {subprocess.py:62} INFO - Tmp dir root location: 
 /tmp
[2022-02-20 08:51:05,068] {subprocess.py:74} INFO - Running command: ['bash', '-c', 'echo "hello world ingestion"']
[2022-02-20 08:51:05,089] {subprocess.py:85} INFO - Output:
[2022-02-20 08:51:05,094] {subprocess.py:89} INFO - hello world ingestion
[2022-02-20 08:51:05,095] {subprocess.py:93} INFO - Command exited with return code 0
[2022-02-20 08:51:05,182] {taskinstance.py:1277} INFO - Marking task as SUCCESS. dag_id=LocalIngestionDAG, task_id=ingest, execution_date=20210402T060000, start_date=20220220T085104, end_date=20220220T085105
[2022-02-20 08:51:05,290] {local_task_job.py:154} INFO - Task exited with return code 0
[2022-02-20 08:51:05,391] {local_task_job.py:264} INFO - 0 downstream tasks scheduled from follow-on schedule check
