[2022-02-18 19:19:18,583] {taskinstance.py:1032} INFO - Dependencies all met for <TaskInstance: data_ingestion_gcs_dag.bigquery_external_table_task manual__2022-02-18T18:58:50.167352+00:00 [queued]>
[2022-02-18 19:19:18,590] {taskinstance.py:1032} INFO - Dependencies all met for <TaskInstance: data_ingestion_gcs_dag.bigquery_external_table_task manual__2022-02-18T18:58:50.167352+00:00 [queued]>
[2022-02-18 19:19:18,590] {taskinstance.py:1238} INFO - 
--------------------------------------------------------------------------------
[2022-02-18 19:19:18,590] {taskinstance.py:1239} INFO - Starting attempt 1 of 2
[2022-02-18 19:19:18,590] {taskinstance.py:1240} INFO - 
--------------------------------------------------------------------------------
[2022-02-18 19:19:18,606] {taskinstance.py:1259} INFO - Executing <Task(BigQueryCreateExternalTableOperator): bigquery_external_table_task> on 2022-02-18 18:58:50.167352+00:00
[2022-02-18 19:19:18,609] {standard_task_runner.py:52} INFO - Started process 2693 to run task
[2022-02-18 19:19:18,611] {standard_task_runner.py:76} INFO - Running: ['***', 'tasks', 'run', 'data_ingestion_gcs_dag', 'bigquery_external_table_task', 'manual__2022-02-18T18:58:50.167352+00:00', '--job-id', '48', '--raw', '--subdir', 'DAGS_FOLDER/data_ingestion_gcs_dag.py', '--cfg-path', '/tmp/tmpwiju30v_', '--error-file', '/tmp/tmpxmsvdqtm']
[2022-02-18 19:19:18,612] {standard_task_runner.py:77} INFO - Job 48: Subtask bigquery_external_table_task
[2022-02-18 19:19:18,705] {logging_mixin.py:109} INFO - Running <TaskInstance: data_ingestion_gcs_dag.bigquery_external_table_task manual__2022-02-18T18:58:50.167352+00:00 [running]> on host 407331d5fa92
[2022-02-18 19:19:18,752] {taskinstance.py:1426} INFO - Exporting the following env vars:
AIRFLOW_CTX_DAG_OWNER=***
AIRFLOW_CTX_DAG_ID=data_ingestion_gcs_dag
AIRFLOW_CTX_TASK_ID=bigquery_external_table_task
AIRFLOW_CTX_EXECUTION_DATE=2022-02-18T18:58:50.167352+00:00
AIRFLOW_CTX_DAG_RUN_ID=manual__2022-02-18T18:58:50.167352+00:00
[2022-02-18 19:19:18,753] {crypto.py:82} WARNING - empty cryptography key - values will not be stored encrypted.
[2022-02-18 19:19:22,298] {taskinstance.py:1277} INFO - Marking task as SUCCESS. dag_id=data_ingestion_gcs_dag, task_id=bigquery_external_table_task, execution_date=20220218T185850, start_date=20220218T191918, end_date=20220218T191922
[2022-02-18 19:19:22,436] {local_task_job.py:154} INFO - Task exited with return code 0
[2022-02-18 19:19:22,498] {local_task_job.py:264} INFO - 0 downstream tasks scheduled from follow-on schedule check
