[2022-02-20 08:51:03,124] {taskinstance.py:1032} INFO - Dependencies all met for <TaskInstance: LocalIngestionDAG.wget scheduled__2021-06-02T06:00:00+00:00 [queued]>
[2022-02-20 08:51:03,177] {taskinstance.py:1032} INFO - Dependencies all met for <TaskInstance: LocalIngestionDAG.wget scheduled__2021-06-02T06:00:00+00:00 [queued]>
[2022-02-20 08:51:03,185] {taskinstance.py:1238} INFO - 
--------------------------------------------------------------------------------
[2022-02-20 08:51:03,186] {taskinstance.py:1239} INFO - Starting attempt 1 of 1
[2022-02-20 08:51:03,186] {taskinstance.py:1240} INFO - 
--------------------------------------------------------------------------------
[2022-02-20 08:51:03,270] {taskinstance.py:1259} INFO - Executing <Task(BashOperator): wget> on 2021-06-02 06:00:00+00:00
[2022-02-20 08:51:03,286] {standard_task_runner.py:52} INFO - Started process 997 to run task
[2022-02-20 08:51:03,345] {standard_task_runner.py:76} INFO - Running: ['***', 'tasks', 'run', 'LocalIngestionDAG', 'wget', 'scheduled__2021-06-02T06:00:00+00:00', '--job-id', '74', '--raw', '--subdir', 'DAGS_FOLDER/data_ingestion_local.py', '--cfg-path', '/tmp/tmpu2omsdj6', '--error-file', '/tmp/tmps3hm7xs1']
[2022-02-20 08:51:03,351] {standard_task_runner.py:77} INFO - Job 74: Subtask wget
[2022-02-20 08:51:03,707] {logging_mixin.py:109} INFO - Running <TaskInstance: LocalIngestionDAG.wget scheduled__2021-06-02T06:00:00+00:00 [running]> on host 8b74b73dd532
[2022-02-20 08:51:03,927] {taskinstance.py:1426} INFO - Exporting the following env vars:
AIRFLOW_CTX_DAG_OWNER=***
AIRFLOW_CTX_DAG_ID=LocalIngestionDAG
AIRFLOW_CTX_TASK_ID=wget
AIRFLOW_CTX_EXECUTION_DATE=2021-06-02T06:00:00+00:00
AIRFLOW_CTX_DAG_RUN_ID=scheduled__2021-06-02T06:00:00+00:00
[2022-02-20 08:51:03,932] {subprocess.py:62} INFO - Tmp dir root location: 
 /tmp
[2022-02-20 08:51:03,934] {subprocess.py:74} INFO - Running command: ['bash', '-c', 'echo "hello world"']
[2022-02-20 08:51:04,005] {subprocess.py:85} INFO - Output:
[2022-02-20 08:51:04,021] {subprocess.py:89} INFO - hello world
[2022-02-20 08:51:04,022] {subprocess.py:93} INFO - Command exited with return code 0
[2022-02-20 08:51:04,132] {taskinstance.py:1277} INFO - Marking task as SUCCESS. dag_id=LocalIngestionDAG, task_id=wget, execution_date=20210602T060000, start_date=20220220T085103, end_date=20220220T085104
[2022-02-20 08:51:04,260] {local_task_job.py:154} INFO - Task exited with return code 0
[2022-02-20 08:51:04,373] {local_task_job.py:264} INFO - 1 downstream tasks scheduled from follow-on schedule check
