[2022-02-20 08:51:00,836] {taskinstance.py:1032} INFO - Dependencies all met for <TaskInstance: LocalIngestionDAG.wget manual__2022-02-20T08:50:59.356885+00:00 [queued]>
[2022-02-20 08:51:00,868] {taskinstance.py:1032} INFO - Dependencies all met for <TaskInstance: LocalIngestionDAG.wget manual__2022-02-20T08:50:59.356885+00:00 [queued]>
[2022-02-20 08:51:00,868] {taskinstance.py:1238} INFO - 
--------------------------------------------------------------------------------
[2022-02-20 08:51:00,868] {taskinstance.py:1239} INFO - Starting attempt 1 of 1
[2022-02-20 08:51:00,868] {taskinstance.py:1240} INFO - 
--------------------------------------------------------------------------------
[2022-02-20 08:51:00,893] {taskinstance.py:1259} INFO - Executing <Task(BashOperator): wget> on 2022-02-20 08:50:59.356885+00:00
[2022-02-20 08:51:00,933] {standard_task_runner.py:52} INFO - Started process 975 to run task
[2022-02-20 08:51:00,986] {standard_task_runner.py:76} INFO - Running: ['***', 'tasks', 'run', 'LocalIngestionDAG', 'wget', 'manual__2022-02-20T08:50:59.356885+00:00', '--job-id', '67', '--raw', '--subdir', 'DAGS_FOLDER/data_ingestion_local.py', '--cfg-path', '/tmp/tmpm_iujvtm', '--error-file', '/tmp/tmpi3lkh3u0']
[2022-02-20 08:51:00,986] {standard_task_runner.py:77} INFO - Job 67: Subtask wget
[2022-02-20 08:51:01,148] {logging_mixin.py:109} INFO - Running <TaskInstance: LocalIngestionDAG.wget manual__2022-02-20T08:50:59.356885+00:00 [running]> on host 8b74b73dd532
[2022-02-20 08:51:01,276] {taskinstance.py:1426} INFO - Exporting the following env vars:
AIRFLOW_CTX_DAG_OWNER=***
AIRFLOW_CTX_DAG_ID=LocalIngestionDAG
AIRFLOW_CTX_TASK_ID=wget
AIRFLOW_CTX_EXECUTION_DATE=2022-02-20T08:50:59.356885+00:00
AIRFLOW_CTX_DAG_RUN_ID=manual__2022-02-20T08:50:59.356885+00:00
[2022-02-20 08:51:01,281] {subprocess.py:62} INFO - Tmp dir root location: 
 /tmp
[2022-02-20 08:51:01,283] {subprocess.py:74} INFO - Running command: ['bash', '-c', 'echo "hello world"']
[2022-02-20 08:51:01,340] {subprocess.py:85} INFO - Output:
[2022-02-20 08:51:01,345] {subprocess.py:89} INFO - hello world
[2022-02-20 08:51:01,346] {subprocess.py:93} INFO - Command exited with return code 0
[2022-02-20 08:51:01,399] {taskinstance.py:1277} INFO - Marking task as SUCCESS. dag_id=LocalIngestionDAG, task_id=wget, execution_date=20220220T085059, start_date=20220220T085100, end_date=20220220T085101
[2022-02-20 08:51:01,477] {local_task_job.py:154} INFO - Task exited with return code 0
[2022-02-20 08:51:01,718] {local_task_job.py:264} INFO - 0 downstream tasks scheduled from follow-on schedule check
