[2022-02-18 18:54:57,268] {processor.py:163} INFO - Started process (PID=1489) to work on /opt/airflow/dags/data_ingestion_gcs_dag.py
[2022-02-18 18:54:57,271] {processor.py:642} INFO - Processing file /opt/airflow/dags/data_ingestion_gcs_dag.py for tasks to queue
[2022-02-18 18:54:57,272] {logging_mixin.py:109} INFO - [2022-02-18 18:54:57,272] {dagbag.py:500} INFO - Filling up the DagBag from /opt/airflow/dags/data_ingestion_gcs_dag.py
[2022-02-18 18:54:59,033] {processor.py:654} INFO - DAG(s) dict_keys(['data_ingestion_gcs_dag']) retrieved from /opt/airflow/dags/data_ingestion_gcs_dag.py
[2022-02-18 18:55:00,934] {logging_mixin.py:109} INFO - [2022-02-18 18:55:00,934] {manager.py:496} INFO - Created Permission View: can edit on DAG:data_ingestion_gcs_dag
[2022-02-18 18:55:00,942] {logging_mixin.py:109} INFO - [2022-02-18 18:55:00,942] {manager.py:496} INFO - Created Permission View: can read on DAG:data_ingestion_gcs_dag
[2022-02-18 18:55:00,943] {logging_mixin.py:109} INFO - [2022-02-18 18:55:00,943] {dag.py:2396} INFO - Sync 1 DAGs
[2022-02-18 18:55:00,947] {logging_mixin.py:109} INFO - [2022-02-18 18:55:00,947] {dag.py:2415} INFO - Creating ORM DAG for data_ingestion_gcs_dag
[2022-02-18 18:55:00,966] {logging_mixin.py:109} INFO - [2022-02-18 18:55:00,966] {dag.py:2935} INFO - Setting next_dagrun for data_ingestion_gcs_dag to 2022-02-17 00:00:00+00:00
[2022-02-18 18:55:01,002] {processor.py:171} INFO - Processing /opt/airflow/dags/data_ingestion_gcs_dag.py took 3.740 seconds
[2022-02-18 18:55:31,077] {processor.py:163} INFO - Started process (PID=1526) to work on /opt/airflow/dags/data_ingestion_gcs_dag.py
[2022-02-18 18:55:31,106] {processor.py:642} INFO - Processing file /opt/airflow/dags/data_ingestion_gcs_dag.py for tasks to queue
[2022-02-18 18:55:31,106] {logging_mixin.py:109} INFO - [2022-02-18 18:55:31,106] {dagbag.py:500} INFO - Filling up the DagBag from /opt/airflow/dags/data_ingestion_gcs_dag.py
[2022-02-18 18:55:31,575] {processor.py:654} INFO - DAG(s) dict_keys(['data_ingestion_gcs_dag']) retrieved from /opt/airflow/dags/data_ingestion_gcs_dag.py
[2022-02-18 18:55:31,580] {logging_mixin.py:109} INFO - [2022-02-18 18:55:31,580] {dag.py:2396} INFO - Sync 1 DAGs
[2022-02-18 18:55:31,590] {logging_mixin.py:109} INFO - [2022-02-18 18:55:31,590] {dag.py:2935} INFO - Setting next_dagrun for data_ingestion_gcs_dag to 2022-02-17 00:00:00+00:00
[2022-02-18 18:55:31,630] {processor.py:171} INFO - Processing /opt/airflow/dags/data_ingestion_gcs_dag.py took 0.554 seconds
[2022-02-18 18:56:01,715] {processor.py:163} INFO - Started process (PID=1555) to work on /opt/airflow/dags/data_ingestion_gcs_dag.py
[2022-02-18 18:56:01,716] {processor.py:642} INFO - Processing file /opt/airflow/dags/data_ingestion_gcs_dag.py for tasks to queue
[2022-02-18 18:56:01,717] {logging_mixin.py:109} INFO - [2022-02-18 18:56:01,717] {dagbag.py:500} INFO - Filling up the DagBag from /opt/airflow/dags/data_ingestion_gcs_dag.py
[2022-02-18 18:56:02,156] {processor.py:654} INFO - DAG(s) dict_keys(['data_ingestion_gcs_dag']) retrieved from /opt/airflow/dags/data_ingestion_gcs_dag.py
[2022-02-18 18:56:02,161] {logging_mixin.py:109} INFO - [2022-02-18 18:56:02,161] {dag.py:2396} INFO - Sync 1 DAGs
[2022-02-18 18:56:02,171] {logging_mixin.py:109} INFO - [2022-02-18 18:56:02,171] {dag.py:2935} INFO - Setting next_dagrun for data_ingestion_gcs_dag to 2022-02-17 00:00:00+00:00
[2022-02-18 18:56:02,192] {processor.py:171} INFO - Processing /opt/airflow/dags/data_ingestion_gcs_dag.py took 0.479 seconds
[2022-02-18 18:56:32,274] {processor.py:163} INFO - Started process (PID=1593) to work on /opt/airflow/dags/data_ingestion_gcs_dag.py
[2022-02-18 18:56:32,291] {processor.py:642} INFO - Processing file /opt/airflow/dags/data_ingestion_gcs_dag.py for tasks to queue
[2022-02-18 18:56:32,292] {logging_mixin.py:109} INFO - [2022-02-18 18:56:32,292] {dagbag.py:500} INFO - Filling up the DagBag from /opt/airflow/dags/data_ingestion_gcs_dag.py
[2022-02-18 18:56:32,736] {processor.py:654} INFO - DAG(s) dict_keys(['data_ingestion_gcs_dag']) retrieved from /opt/airflow/dags/data_ingestion_gcs_dag.py
[2022-02-18 18:56:32,741] {logging_mixin.py:109} INFO - [2022-02-18 18:56:32,740] {dag.py:2396} INFO - Sync 1 DAGs
[2022-02-18 18:56:32,750] {logging_mixin.py:109} INFO - [2022-02-18 18:56:32,750] {dag.py:2935} INFO - Setting next_dagrun for data_ingestion_gcs_dag to 2022-02-17 00:00:00+00:00
[2022-02-18 18:56:32,774] {processor.py:171} INFO - Processing /opt/airflow/dags/data_ingestion_gcs_dag.py took 0.505 seconds
[2022-02-18 18:57:02,838] {processor.py:163} INFO - Started process (PID=1632) to work on /opt/airflow/dags/data_ingestion_gcs_dag.py
[2022-02-18 18:57:02,839] {processor.py:642} INFO - Processing file /opt/airflow/dags/data_ingestion_gcs_dag.py for tasks to queue
[2022-02-18 18:57:02,839] {logging_mixin.py:109} INFO - [2022-02-18 18:57:02,839] {dagbag.py:500} INFO - Filling up the DagBag from /opt/airflow/dags/data_ingestion_gcs_dag.py
[2022-02-18 18:57:03,214] {processor.py:654} INFO - DAG(s) dict_keys(['data_ingestion_gcs_dag']) retrieved from /opt/airflow/dags/data_ingestion_gcs_dag.py
[2022-02-18 18:57:03,219] {logging_mixin.py:109} INFO - [2022-02-18 18:57:03,219] {dag.py:2396} INFO - Sync 1 DAGs
[2022-02-18 18:57:03,228] {logging_mixin.py:109} INFO - [2022-02-18 18:57:03,228] {dag.py:2935} INFO - Setting next_dagrun for data_ingestion_gcs_dag to 2022-02-17 00:00:00+00:00
[2022-02-18 18:57:03,247] {processor.py:171} INFO - Processing /opt/airflow/dags/data_ingestion_gcs_dag.py took 0.411 seconds
[2022-02-18 18:57:33,305] {processor.py:163} INFO - Started process (PID=1659) to work on /opt/airflow/dags/data_ingestion_gcs_dag.py
[2022-02-18 18:57:33,313] {processor.py:642} INFO - Processing file /opt/airflow/dags/data_ingestion_gcs_dag.py for tasks to queue
[2022-02-18 18:57:33,314] {logging_mixin.py:109} INFO - [2022-02-18 18:57:33,314] {dagbag.py:500} INFO - Filling up the DagBag from /opt/airflow/dags/data_ingestion_gcs_dag.py
[2022-02-18 18:57:33,782] {processor.py:654} INFO - DAG(s) dict_keys(['data_ingestion_gcs_dag']) retrieved from /opt/airflow/dags/data_ingestion_gcs_dag.py
[2022-02-18 18:57:33,787] {logging_mixin.py:109} INFO - [2022-02-18 18:57:33,787] {dag.py:2396} INFO - Sync 1 DAGs
[2022-02-18 18:57:33,798] {logging_mixin.py:109} INFO - [2022-02-18 18:57:33,797] {dag.py:2935} INFO - Setting next_dagrun for data_ingestion_gcs_dag to 2022-02-17 00:00:00+00:00
[2022-02-18 18:57:33,821] {processor.py:171} INFO - Processing /opt/airflow/dags/data_ingestion_gcs_dag.py took 0.519 seconds
[2022-02-18 18:58:03,916] {processor.py:163} INFO - Started process (PID=1700) to work on /opt/airflow/dags/data_ingestion_gcs_dag.py
[2022-02-18 18:58:03,921] {processor.py:642} INFO - Processing file /opt/airflow/dags/data_ingestion_gcs_dag.py for tasks to queue
[2022-02-18 18:58:03,923] {logging_mixin.py:109} INFO - [2022-02-18 18:58:03,922] {dagbag.py:500} INFO - Filling up the DagBag from /opt/airflow/dags/data_ingestion_gcs_dag.py
[2022-02-18 18:58:04,371] {processor.py:654} INFO - DAG(s) dict_keys(['data_ingestion_gcs_dag']) retrieved from /opt/airflow/dags/data_ingestion_gcs_dag.py
[2022-02-18 18:58:04,377] {logging_mixin.py:109} INFO - [2022-02-18 18:58:04,377] {dag.py:2396} INFO - Sync 1 DAGs
[2022-02-18 18:58:04,390] {logging_mixin.py:109} INFO - [2022-02-18 18:58:04,390] {dag.py:2935} INFO - Setting next_dagrun for data_ingestion_gcs_dag to 2022-02-17 00:00:00+00:00
[2022-02-18 18:58:04,411] {processor.py:171} INFO - Processing /opt/airflow/dags/data_ingestion_gcs_dag.py took 0.502 seconds
[2022-02-18 18:58:34,510] {processor.py:163} INFO - Started process (PID=1736) to work on /opt/airflow/dags/data_ingestion_gcs_dag.py
[2022-02-18 18:58:34,511] {processor.py:642} INFO - Processing file /opt/airflow/dags/data_ingestion_gcs_dag.py for tasks to queue
[2022-02-18 18:58:34,511] {logging_mixin.py:109} INFO - [2022-02-18 18:58:34,511] {dagbag.py:500} INFO - Filling up the DagBag from /opt/airflow/dags/data_ingestion_gcs_dag.py
[2022-02-18 18:58:34,942] {processor.py:654} INFO - DAG(s) dict_keys(['data_ingestion_gcs_dag']) retrieved from /opt/airflow/dags/data_ingestion_gcs_dag.py
[2022-02-18 18:58:34,948] {logging_mixin.py:109} INFO - [2022-02-18 18:58:34,948] {dag.py:2396} INFO - Sync 1 DAGs
[2022-02-18 18:58:34,960] {logging_mixin.py:109} INFO - [2022-02-18 18:58:34,960] {dag.py:2935} INFO - Setting next_dagrun for data_ingestion_gcs_dag to 2022-02-17 00:00:00+00:00
[2022-02-18 18:58:34,985] {processor.py:171} INFO - Processing /opt/airflow/dags/data_ingestion_gcs_dag.py took 0.476 seconds
[2022-02-18 18:59:05,060] {processor.py:163} INFO - Started process (PID=1762) to work on /opt/airflow/dags/data_ingestion_gcs_dag.py
[2022-02-18 18:59:05,060] {processor.py:642} INFO - Processing file /opt/airflow/dags/data_ingestion_gcs_dag.py for tasks to queue
[2022-02-18 18:59:05,060] {logging_mixin.py:109} INFO - [2022-02-18 18:59:05,060] {dagbag.py:500} INFO - Filling up the DagBag from /opt/airflow/dags/data_ingestion_gcs_dag.py
[2022-02-18 18:59:05,480] {processor.py:654} INFO - DAG(s) dict_keys(['data_ingestion_gcs_dag']) retrieved from /opt/airflow/dags/data_ingestion_gcs_dag.py
[2022-02-18 18:59:05,488] {logging_mixin.py:109} INFO - [2022-02-18 18:59:05,488] {dag.py:2396} INFO - Sync 1 DAGs
[2022-02-18 18:59:05,522] {processor.py:171} INFO - Processing /opt/airflow/dags/data_ingestion_gcs_dag.py took 0.463 seconds
[2022-02-18 18:59:35,601] {processor.py:163} INFO - Started process (PID=1800) to work on /opt/airflow/dags/data_ingestion_gcs_dag.py
[2022-02-18 18:59:35,609] {processor.py:642} INFO - Processing file /opt/airflow/dags/data_ingestion_gcs_dag.py for tasks to queue
[2022-02-18 18:59:35,610] {logging_mixin.py:109} INFO - [2022-02-18 18:59:35,610] {dagbag.py:500} INFO - Filling up the DagBag from /opt/airflow/dags/data_ingestion_gcs_dag.py
[2022-02-18 18:59:36,013] {processor.py:654} INFO - DAG(s) dict_keys(['data_ingestion_gcs_dag']) retrieved from /opt/airflow/dags/data_ingestion_gcs_dag.py
[2022-02-18 18:59:36,018] {logging_mixin.py:109} INFO - [2022-02-18 18:59:36,018] {dag.py:2396} INFO - Sync 1 DAGs
[2022-02-18 18:59:36,033] {processor.py:171} INFO - Processing /opt/airflow/dags/data_ingestion_gcs_dag.py took 0.434 seconds
[2022-02-18 19:00:06,100] {processor.py:163} INFO - Started process (PID=1828) to work on /opt/airflow/dags/data_ingestion_gcs_dag.py
[2022-02-18 19:00:06,105] {processor.py:642} INFO - Processing file /opt/airflow/dags/data_ingestion_gcs_dag.py for tasks to queue
[2022-02-18 19:00:06,106] {logging_mixin.py:109} INFO - [2022-02-18 19:00:06,106] {dagbag.py:500} INFO - Filling up the DagBag from /opt/airflow/dags/data_ingestion_gcs_dag.py
[2022-02-18 19:00:06,495] {processor.py:654} INFO - DAG(s) dict_keys(['data_ingestion_gcs_dag']) retrieved from /opt/airflow/dags/data_ingestion_gcs_dag.py
[2022-02-18 19:00:06,500] {logging_mixin.py:109} INFO - [2022-02-18 19:00:06,500] {dag.py:2396} INFO - Sync 1 DAGs
[2022-02-18 19:00:06,515] {processor.py:171} INFO - Processing /opt/airflow/dags/data_ingestion_gcs_dag.py took 0.417 seconds
[2022-02-18 19:00:36,597] {processor.py:163} INFO - Started process (PID=1866) to work on /opt/airflow/dags/data_ingestion_gcs_dag.py
[2022-02-18 19:00:36,600] {processor.py:642} INFO - Processing file /opt/airflow/dags/data_ingestion_gcs_dag.py for tasks to queue
[2022-02-18 19:00:36,601] {logging_mixin.py:109} INFO - [2022-02-18 19:00:36,601] {dagbag.py:500} INFO - Filling up the DagBag from /opt/airflow/dags/data_ingestion_gcs_dag.py
[2022-02-18 19:00:37,025] {processor.py:654} INFO - DAG(s) dict_keys(['data_ingestion_gcs_dag']) retrieved from /opt/airflow/dags/data_ingestion_gcs_dag.py
[2022-02-18 19:00:37,030] {logging_mixin.py:109} INFO - [2022-02-18 19:00:37,030] {dag.py:2396} INFO - Sync 1 DAGs
[2022-02-18 19:00:37,047] {processor.py:171} INFO - Processing /opt/airflow/dags/data_ingestion_gcs_dag.py took 0.457 seconds
[2022-02-18 19:01:07,123] {processor.py:163} INFO - Started process (PID=1903) to work on /opt/airflow/dags/data_ingestion_gcs_dag.py
[2022-02-18 19:01:07,126] {processor.py:642} INFO - Processing file /opt/airflow/dags/data_ingestion_gcs_dag.py for tasks to queue
[2022-02-18 19:01:07,127] {logging_mixin.py:109} INFO - [2022-02-18 19:01:07,127] {dagbag.py:500} INFO - Filling up the DagBag from /opt/airflow/dags/data_ingestion_gcs_dag.py
[2022-02-18 19:01:07,543] {processor.py:654} INFO - DAG(s) dict_keys(['data_ingestion_gcs_dag']) retrieved from /opt/airflow/dags/data_ingestion_gcs_dag.py
[2022-02-18 19:01:07,548] {logging_mixin.py:109} INFO - [2022-02-18 19:01:07,548] {dag.py:2396} INFO - Sync 1 DAGs
[2022-02-18 19:01:07,569] {processor.py:171} INFO - Processing /opt/airflow/dags/data_ingestion_gcs_dag.py took 0.452 seconds
[2022-02-18 19:01:37,679] {processor.py:163} INFO - Started process (PID=1931) to work on /opt/airflow/dags/data_ingestion_gcs_dag.py
[2022-02-18 19:01:37,681] {processor.py:642} INFO - Processing file /opt/airflow/dags/data_ingestion_gcs_dag.py for tasks to queue
[2022-02-18 19:01:37,683] {logging_mixin.py:109} INFO - [2022-02-18 19:01:37,683] {dagbag.py:500} INFO - Filling up the DagBag from /opt/airflow/dags/data_ingestion_gcs_dag.py
[2022-02-18 19:01:38,100] {processor.py:654} INFO - DAG(s) dict_keys(['data_ingestion_gcs_dag']) retrieved from /opt/airflow/dags/data_ingestion_gcs_dag.py
[2022-02-18 19:01:38,105] {logging_mixin.py:109} INFO - [2022-02-18 19:01:38,104] {dag.py:2396} INFO - Sync 1 DAGs
[2022-02-18 19:01:38,128] {processor.py:171} INFO - Processing /opt/airflow/dags/data_ingestion_gcs_dag.py took 0.456 seconds
[2022-02-18 19:02:08,220] {processor.py:163} INFO - Started process (PID=1970) to work on /opt/airflow/dags/data_ingestion_gcs_dag.py
[2022-02-18 19:02:08,223] {processor.py:642} INFO - Processing file /opt/airflow/dags/data_ingestion_gcs_dag.py for tasks to queue
[2022-02-18 19:02:08,224] {logging_mixin.py:109} INFO - [2022-02-18 19:02:08,224] {dagbag.py:500} INFO - Filling up the DagBag from /opt/airflow/dags/data_ingestion_gcs_dag.py
[2022-02-18 19:02:08,647] {processor.py:654} INFO - DAG(s) dict_keys(['data_ingestion_gcs_dag']) retrieved from /opt/airflow/dags/data_ingestion_gcs_dag.py
[2022-02-18 19:02:08,652] {logging_mixin.py:109} INFO - [2022-02-18 19:02:08,652] {dag.py:2396} INFO - Sync 1 DAGs
[2022-02-18 19:02:08,669] {processor.py:171} INFO - Processing /opt/airflow/dags/data_ingestion_gcs_dag.py took 0.456 seconds
[2022-02-18 19:02:38,736] {processor.py:163} INFO - Started process (PID=2005) to work on /opt/airflow/dags/data_ingestion_gcs_dag.py
[2022-02-18 19:02:38,736] {processor.py:642} INFO - Processing file /opt/airflow/dags/data_ingestion_gcs_dag.py for tasks to queue
[2022-02-18 19:02:38,737] {logging_mixin.py:109} INFO - [2022-02-18 19:02:38,737] {dagbag.py:500} INFO - Filling up the DagBag from /opt/airflow/dags/data_ingestion_gcs_dag.py
[2022-02-18 19:02:39,230] {processor.py:654} INFO - DAG(s) dict_keys(['data_ingestion_gcs_dag']) retrieved from /opt/airflow/dags/data_ingestion_gcs_dag.py
[2022-02-18 19:02:39,237] {logging_mixin.py:109} INFO - [2022-02-18 19:02:39,237] {dag.py:2396} INFO - Sync 1 DAGs
[2022-02-18 19:02:39,268] {processor.py:171} INFO - Processing /opt/airflow/dags/data_ingestion_gcs_dag.py took 0.534 seconds
[2022-02-18 19:03:09,349] {processor.py:163} INFO - Started process (PID=2035) to work on /opt/airflow/dags/data_ingestion_gcs_dag.py
[2022-02-18 19:03:09,372] {processor.py:642} INFO - Processing file /opt/airflow/dags/data_ingestion_gcs_dag.py for tasks to queue
[2022-02-18 19:03:09,374] {logging_mixin.py:109} INFO - [2022-02-18 19:03:09,373] {dagbag.py:500} INFO - Filling up the DagBag from /opt/airflow/dags/data_ingestion_gcs_dag.py
[2022-02-18 19:03:09,778] {processor.py:654} INFO - DAG(s) dict_keys(['data_ingestion_gcs_dag']) retrieved from /opt/airflow/dags/data_ingestion_gcs_dag.py
[2022-02-18 19:03:09,783] {logging_mixin.py:109} INFO - [2022-02-18 19:03:09,783] {dag.py:2396} INFO - Sync 1 DAGs
[2022-02-18 19:03:09,817] {processor.py:171} INFO - Processing /opt/airflow/dags/data_ingestion_gcs_dag.py took 0.469 seconds
[2022-02-18 19:03:39,911] {processor.py:163} INFO - Started process (PID=2074) to work on /opt/airflow/dags/data_ingestion_gcs_dag.py
[2022-02-18 19:03:39,914] {processor.py:642} INFO - Processing file /opt/airflow/dags/data_ingestion_gcs_dag.py for tasks to queue
[2022-02-18 19:03:39,915] {logging_mixin.py:109} INFO - [2022-02-18 19:03:39,915] {dagbag.py:500} INFO - Filling up the DagBag from /opt/airflow/dags/data_ingestion_gcs_dag.py
[2022-02-18 19:03:40,329] {processor.py:654} INFO - DAG(s) dict_keys(['data_ingestion_gcs_dag']) retrieved from /opt/airflow/dags/data_ingestion_gcs_dag.py
[2022-02-18 19:03:40,334] {logging_mixin.py:109} INFO - [2022-02-18 19:03:40,333] {dag.py:2396} INFO - Sync 1 DAGs
[2022-02-18 19:03:40,348] {processor.py:171} INFO - Processing /opt/airflow/dags/data_ingestion_gcs_dag.py took 0.443 seconds
[2022-02-18 19:04:10,435] {processor.py:163} INFO - Started process (PID=2102) to work on /opt/airflow/dags/data_ingestion_gcs_dag.py
[2022-02-18 19:04:10,444] {processor.py:642} INFO - Processing file /opt/airflow/dags/data_ingestion_gcs_dag.py for tasks to queue
[2022-02-18 19:04:10,446] {logging_mixin.py:109} INFO - [2022-02-18 19:04:10,445] {dagbag.py:500} INFO - Filling up the DagBag from /opt/airflow/dags/data_ingestion_gcs_dag.py
[2022-02-18 19:04:10,871] {processor.py:654} INFO - DAG(s) dict_keys(['data_ingestion_gcs_dag']) retrieved from /opt/airflow/dags/data_ingestion_gcs_dag.py
[2022-02-18 19:04:10,876] {logging_mixin.py:109} INFO - [2022-02-18 19:04:10,875] {dag.py:2396} INFO - Sync 1 DAGs
[2022-02-18 19:04:10,898] {processor.py:171} INFO - Processing /opt/airflow/dags/data_ingestion_gcs_dag.py took 0.470 seconds
[2022-02-18 19:04:40,990] {processor.py:163} INFO - Started process (PID=2139) to work on /opt/airflow/dags/data_ingestion_gcs_dag.py
[2022-02-18 19:04:40,992] {processor.py:642} INFO - Processing file /opt/airflow/dags/data_ingestion_gcs_dag.py for tasks to queue
[2022-02-18 19:04:40,993] {logging_mixin.py:109} INFO - [2022-02-18 19:04:40,993] {dagbag.py:500} INFO - Filling up the DagBag from /opt/airflow/dags/data_ingestion_gcs_dag.py
[2022-02-18 19:04:41,406] {processor.py:654} INFO - DAG(s) dict_keys(['data_ingestion_gcs_dag']) retrieved from /opt/airflow/dags/data_ingestion_gcs_dag.py
[2022-02-18 19:04:41,412] {logging_mixin.py:109} INFO - [2022-02-18 19:04:41,411] {dag.py:2396} INFO - Sync 1 DAGs
[2022-02-18 19:04:41,436] {processor.py:171} INFO - Processing /opt/airflow/dags/data_ingestion_gcs_dag.py took 0.453 seconds
[2022-02-18 19:05:11,532] {processor.py:163} INFO - Started process (PID=2176) to work on /opt/airflow/dags/data_ingestion_gcs_dag.py
[2022-02-18 19:05:11,540] {processor.py:642} INFO - Processing file /opt/airflow/dags/data_ingestion_gcs_dag.py for tasks to queue
[2022-02-18 19:05:11,540] {logging_mixin.py:109} INFO - [2022-02-18 19:05:11,540] {dagbag.py:500} INFO - Filling up the DagBag from /opt/airflow/dags/data_ingestion_gcs_dag.py
[2022-02-18 19:05:11,973] {processor.py:654} INFO - DAG(s) dict_keys(['data_ingestion_gcs_dag']) retrieved from /opt/airflow/dags/data_ingestion_gcs_dag.py
[2022-02-18 19:05:11,978] {logging_mixin.py:109} INFO - [2022-02-18 19:05:11,978] {dag.py:2396} INFO - Sync 1 DAGs
[2022-02-18 19:05:11,996] {processor.py:171} INFO - Processing /opt/airflow/dags/data_ingestion_gcs_dag.py took 0.466 seconds
[2022-02-18 19:05:42,075] {processor.py:163} INFO - Started process (PID=2205) to work on /opt/airflow/dags/data_ingestion_gcs_dag.py
[2022-02-18 19:05:42,076] {processor.py:642} INFO - Processing file /opt/airflow/dags/data_ingestion_gcs_dag.py for tasks to queue
[2022-02-18 19:05:42,077] {logging_mixin.py:109} INFO - [2022-02-18 19:05:42,077] {dagbag.py:500} INFO - Filling up the DagBag from /opt/airflow/dags/data_ingestion_gcs_dag.py
[2022-02-18 19:05:42,515] {processor.py:654} INFO - DAG(s) dict_keys(['data_ingestion_gcs_dag']) retrieved from /opt/airflow/dags/data_ingestion_gcs_dag.py
[2022-02-18 19:05:42,520] {logging_mixin.py:109} INFO - [2022-02-18 19:05:42,520] {dag.py:2396} INFO - Sync 1 DAGs
[2022-02-18 19:05:42,572] {processor.py:171} INFO - Processing /opt/airflow/dags/data_ingestion_gcs_dag.py took 0.500 seconds
[2022-02-18 19:06:12,673] {processor.py:163} INFO - Started process (PID=2242) to work on /opt/airflow/dags/data_ingestion_gcs_dag.py
[2022-02-18 19:06:12,678] {processor.py:642} INFO - Processing file /opt/airflow/dags/data_ingestion_gcs_dag.py for tasks to queue
[2022-02-18 19:06:12,679] {logging_mixin.py:109} INFO - [2022-02-18 19:06:12,678] {dagbag.py:500} INFO - Filling up the DagBag from /opt/airflow/dags/data_ingestion_gcs_dag.py
[2022-02-18 19:06:13,103] {processor.py:654} INFO - DAG(s) dict_keys(['data_ingestion_gcs_dag']) retrieved from /opt/airflow/dags/data_ingestion_gcs_dag.py
[2022-02-18 19:06:13,109] {logging_mixin.py:109} INFO - [2022-02-18 19:06:13,108] {dag.py:2396} INFO - Sync 1 DAGs
[2022-02-18 19:06:13,127] {processor.py:171} INFO - Processing /opt/airflow/dags/data_ingestion_gcs_dag.py took 0.455 seconds
[2022-02-18 19:06:43,213] {processor.py:163} INFO - Started process (PID=2270) to work on /opt/airflow/dags/data_ingestion_gcs_dag.py
[2022-02-18 19:06:43,215] {processor.py:642} INFO - Processing file /opt/airflow/dags/data_ingestion_gcs_dag.py for tasks to queue
[2022-02-18 19:06:43,217] {logging_mixin.py:109} INFO - [2022-02-18 19:06:43,217] {dagbag.py:500} INFO - Filling up the DagBag from /opt/airflow/dags/data_ingestion_gcs_dag.py
[2022-02-18 19:06:43,632] {processor.py:654} INFO - DAG(s) dict_keys(['data_ingestion_gcs_dag']) retrieved from /opt/airflow/dags/data_ingestion_gcs_dag.py
[2022-02-18 19:06:43,637] {logging_mixin.py:109} INFO - [2022-02-18 19:06:43,637] {dag.py:2396} INFO - Sync 1 DAGs
[2022-02-18 19:06:43,659] {processor.py:171} INFO - Processing /opt/airflow/dags/data_ingestion_gcs_dag.py took 0.453 seconds
[2022-02-18 19:07:13,745] {processor.py:163} INFO - Started process (PID=2308) to work on /opt/airflow/dags/data_ingestion_gcs_dag.py
[2022-02-18 19:07:13,754] {processor.py:642} INFO - Processing file /opt/airflow/dags/data_ingestion_gcs_dag.py for tasks to queue
[2022-02-18 19:07:13,755] {logging_mixin.py:109} INFO - [2022-02-18 19:07:13,755] {dagbag.py:500} INFO - Filling up the DagBag from /opt/airflow/dags/data_ingestion_gcs_dag.py
[2022-02-18 19:07:14,187] {processor.py:654} INFO - DAG(s) dict_keys(['data_ingestion_gcs_dag']) retrieved from /opt/airflow/dags/data_ingestion_gcs_dag.py
[2022-02-18 19:07:14,192] {logging_mixin.py:109} INFO - [2022-02-18 19:07:14,192] {dag.py:2396} INFO - Sync 1 DAGs
[2022-02-18 19:07:14,207] {processor.py:171} INFO - Processing /opt/airflow/dags/data_ingestion_gcs_dag.py took 0.469 seconds
[2022-02-18 19:07:44,281] {processor.py:163} INFO - Started process (PID=2346) to work on /opt/airflow/dags/data_ingestion_gcs_dag.py
[2022-02-18 19:07:44,293] {processor.py:642} INFO - Processing file /opt/airflow/dags/data_ingestion_gcs_dag.py for tasks to queue
[2022-02-18 19:07:44,294] {logging_mixin.py:109} INFO - [2022-02-18 19:07:44,294] {dagbag.py:500} INFO - Filling up the DagBag from /opt/airflow/dags/data_ingestion_gcs_dag.py
[2022-02-18 19:07:44,698] {processor.py:654} INFO - DAG(s) dict_keys(['data_ingestion_gcs_dag']) retrieved from /opt/airflow/dags/data_ingestion_gcs_dag.py
[2022-02-18 19:07:44,703] {logging_mixin.py:109} INFO - [2022-02-18 19:07:44,703] {dag.py:2396} INFO - Sync 1 DAGs
[2022-02-18 19:07:44,732] {processor.py:171} INFO - Processing /opt/airflow/dags/data_ingestion_gcs_dag.py took 0.452 seconds
[2022-02-18 19:08:14,823] {processor.py:163} INFO - Started process (PID=2374) to work on /opt/airflow/dags/data_ingestion_gcs_dag.py
[2022-02-18 19:08:14,826] {processor.py:642} INFO - Processing file /opt/airflow/dags/data_ingestion_gcs_dag.py for tasks to queue
[2022-02-18 19:08:14,827] {logging_mixin.py:109} INFO - [2022-02-18 19:08:14,827] {dagbag.py:500} INFO - Filling up the DagBag from /opt/airflow/dags/data_ingestion_gcs_dag.py
[2022-02-18 19:08:15,264] {processor.py:654} INFO - DAG(s) dict_keys(['data_ingestion_gcs_dag']) retrieved from /opt/airflow/dags/data_ingestion_gcs_dag.py
[2022-02-18 19:08:15,269] {logging_mixin.py:109} INFO - [2022-02-18 19:08:15,269] {dag.py:2396} INFO - Sync 1 DAGs
[2022-02-18 19:08:15,298] {processor.py:171} INFO - Processing /opt/airflow/dags/data_ingestion_gcs_dag.py took 0.482 seconds
[2022-02-18 19:08:45,390] {processor.py:163} INFO - Started process (PID=2412) to work on /opt/airflow/dags/data_ingestion_gcs_dag.py
[2022-02-18 19:08:45,393] {processor.py:642} INFO - Processing file /opt/airflow/dags/data_ingestion_gcs_dag.py for tasks to queue
[2022-02-18 19:08:45,394] {logging_mixin.py:109} INFO - [2022-02-18 19:08:45,394] {dagbag.py:500} INFO - Filling up the DagBag from /opt/airflow/dags/data_ingestion_gcs_dag.py
[2022-02-18 19:08:45,804] {processor.py:654} INFO - DAG(s) dict_keys(['data_ingestion_gcs_dag']) retrieved from /opt/airflow/dags/data_ingestion_gcs_dag.py
[2022-02-18 19:08:45,809] {logging_mixin.py:109} INFO - [2022-02-18 19:08:45,809] {dag.py:2396} INFO - Sync 1 DAGs
[2022-02-18 19:08:45,839] {processor.py:171} INFO - Processing /opt/airflow/dags/data_ingestion_gcs_dag.py took 0.456 seconds
[2022-02-18 19:09:15,927] {processor.py:163} INFO - Started process (PID=2441) to work on /opt/airflow/dags/data_ingestion_gcs_dag.py
[2022-02-18 19:09:15,929] {processor.py:642} INFO - Processing file /opt/airflow/dags/data_ingestion_gcs_dag.py for tasks to queue
[2022-02-18 19:09:15,931] {logging_mixin.py:109} INFO - [2022-02-18 19:09:15,931] {dagbag.py:500} INFO - Filling up the DagBag from /opt/airflow/dags/data_ingestion_gcs_dag.py
[2022-02-18 19:09:16,366] {processor.py:654} INFO - DAG(s) dict_keys(['data_ingestion_gcs_dag']) retrieved from /opt/airflow/dags/data_ingestion_gcs_dag.py
[2022-02-18 19:09:16,372] {logging_mixin.py:109} INFO - [2022-02-18 19:09:16,371] {dag.py:2396} INFO - Sync 1 DAGs
[2022-02-18 19:09:16,388] {processor.py:171} INFO - Processing /opt/airflow/dags/data_ingestion_gcs_dag.py took 0.468 seconds
[2022-02-18 19:09:46,473] {processor.py:163} INFO - Started process (PID=2477) to work on /opt/airflow/dags/data_ingestion_gcs_dag.py
[2022-02-18 19:09:46,479] {processor.py:642} INFO - Processing file /opt/airflow/dags/data_ingestion_gcs_dag.py for tasks to queue
[2022-02-18 19:09:46,480] {logging_mixin.py:109} INFO - [2022-02-18 19:09:46,479] {dagbag.py:500} INFO - Filling up the DagBag from /opt/airflow/dags/data_ingestion_gcs_dag.py
[2022-02-18 19:09:46,911] {processor.py:654} INFO - DAG(s) dict_keys(['data_ingestion_gcs_dag']) retrieved from /opt/airflow/dags/data_ingestion_gcs_dag.py
[2022-02-18 19:09:46,916] {logging_mixin.py:109} INFO - [2022-02-18 19:09:46,916] {dag.py:2396} INFO - Sync 1 DAGs
[2022-02-18 19:09:46,937] {processor.py:171} INFO - Processing /opt/airflow/dags/data_ingestion_gcs_dag.py took 0.467 seconds
[2022-02-18 19:10:17,024] {processor.py:163} INFO - Started process (PID=2516) to work on /opt/airflow/dags/data_ingestion_gcs_dag.py
[2022-02-18 19:10:17,026] {processor.py:642} INFO - Processing file /opt/airflow/dags/data_ingestion_gcs_dag.py for tasks to queue
[2022-02-18 19:10:17,027] {logging_mixin.py:109} INFO - [2022-02-18 19:10:17,027] {dagbag.py:500} INFO - Filling up the DagBag from /opt/airflow/dags/data_ingestion_gcs_dag.py
[2022-02-18 19:10:17,437] {processor.py:654} INFO - DAG(s) dict_keys(['data_ingestion_gcs_dag']) retrieved from /opt/airflow/dags/data_ingestion_gcs_dag.py
[2022-02-18 19:10:17,442] {logging_mixin.py:109} INFO - [2022-02-18 19:10:17,442] {dag.py:2396} INFO - Sync 1 DAGs
[2022-02-18 19:10:17,461] {processor.py:171} INFO - Processing /opt/airflow/dags/data_ingestion_gcs_dag.py took 0.444 seconds
[2022-02-18 19:10:47,536] {processor.py:163} INFO - Started process (PID=2545) to work on /opt/airflow/dags/data_ingestion_gcs_dag.py
[2022-02-18 19:10:47,560] {processor.py:642} INFO - Processing file /opt/airflow/dags/data_ingestion_gcs_dag.py for tasks to queue
[2022-02-18 19:10:47,560] {logging_mixin.py:109} INFO - [2022-02-18 19:10:47,560] {dagbag.py:500} INFO - Filling up the DagBag from /opt/airflow/dags/data_ingestion_gcs_dag.py
[2022-02-18 19:10:47,948] {processor.py:654} INFO - DAG(s) dict_keys(['data_ingestion_gcs_dag']) retrieved from /opt/airflow/dags/data_ingestion_gcs_dag.py
[2022-02-18 19:10:47,953] {logging_mixin.py:109} INFO - [2022-02-18 19:10:47,953] {dag.py:2396} INFO - Sync 1 DAGs
[2022-02-18 19:10:47,968] {processor.py:171} INFO - Processing /opt/airflow/dags/data_ingestion_gcs_dag.py took 0.433 seconds
[2022-02-18 19:11:18,048] {processor.py:163} INFO - Started process (PID=2582) to work on /opt/airflow/dags/data_ingestion_gcs_dag.py
[2022-02-18 19:11:18,048] {processor.py:642} INFO - Processing file /opt/airflow/dags/data_ingestion_gcs_dag.py for tasks to queue
[2022-02-18 19:11:18,049] {logging_mixin.py:109} INFO - [2022-02-18 19:11:18,049] {dagbag.py:500} INFO - Filling up the DagBag from /opt/airflow/dags/data_ingestion_gcs_dag.py
[2022-02-18 19:11:18,469] {processor.py:654} INFO - DAG(s) dict_keys(['data_ingestion_gcs_dag']) retrieved from /opt/airflow/dags/data_ingestion_gcs_dag.py
[2022-02-18 19:11:18,474] {logging_mixin.py:109} INFO - [2022-02-18 19:11:18,474] {dag.py:2396} INFO - Sync 1 DAGs
[2022-02-18 19:11:18,509] {processor.py:171} INFO - Processing /opt/airflow/dags/data_ingestion_gcs_dag.py took 0.462 seconds
[2022-02-18 19:11:48,584] {processor.py:163} INFO - Started process (PID=2620) to work on /opt/airflow/dags/data_ingestion_gcs_dag.py
[2022-02-18 19:11:48,590] {processor.py:642} INFO - Processing file /opt/airflow/dags/data_ingestion_gcs_dag.py for tasks to queue
[2022-02-18 19:11:48,590] {logging_mixin.py:109} INFO - [2022-02-18 19:11:48,590] {dagbag.py:500} INFO - Filling up the DagBag from /opt/airflow/dags/data_ingestion_gcs_dag.py
[2022-02-18 19:11:49,032] {processor.py:654} INFO - DAG(s) dict_keys(['data_ingestion_gcs_dag']) retrieved from /opt/airflow/dags/data_ingestion_gcs_dag.py
[2022-02-18 19:11:49,038] {logging_mixin.py:109} INFO - [2022-02-18 19:11:49,037] {dag.py:2396} INFO - Sync 1 DAGs
[2022-02-18 19:11:49,074] {processor.py:171} INFO - Processing /opt/airflow/dags/data_ingestion_gcs_dag.py took 0.491 seconds
[2022-02-18 19:12:19,163] {processor.py:163} INFO - Started process (PID=2649) to work on /opt/airflow/dags/data_ingestion_gcs_dag.py
[2022-02-18 19:12:19,172] {processor.py:642} INFO - Processing file /opt/airflow/dags/data_ingestion_gcs_dag.py for tasks to queue
[2022-02-18 19:12:19,172] {logging_mixin.py:109} INFO - [2022-02-18 19:12:19,172] {dagbag.py:500} INFO - Filling up the DagBag from /opt/airflow/dags/data_ingestion_gcs_dag.py
[2022-02-18 19:12:19,568] {processor.py:654} INFO - DAG(s) dict_keys(['data_ingestion_gcs_dag']) retrieved from /opt/airflow/dags/data_ingestion_gcs_dag.py
[2022-02-18 19:12:19,574] {logging_mixin.py:109} INFO - [2022-02-18 19:12:19,574] {dag.py:2396} INFO - Sync 1 DAGs
[2022-02-18 19:12:19,589] {processor.py:171} INFO - Processing /opt/airflow/dags/data_ingestion_gcs_dag.py took 0.427 seconds
[2022-02-18 19:12:49,669] {processor.py:163} INFO - Started process (PID=2686) to work on /opt/airflow/dags/data_ingestion_gcs_dag.py
[2022-02-18 19:12:49,669] {processor.py:642} INFO - Processing file /opt/airflow/dags/data_ingestion_gcs_dag.py for tasks to queue
[2022-02-18 19:12:49,670] {logging_mixin.py:109} INFO - [2022-02-18 19:12:49,670] {dagbag.py:500} INFO - Filling up the DagBag from /opt/airflow/dags/data_ingestion_gcs_dag.py
[2022-02-18 19:12:50,034] {processor.py:654} INFO - DAG(s) dict_keys(['data_ingestion_gcs_dag']) retrieved from /opt/airflow/dags/data_ingestion_gcs_dag.py
[2022-02-18 19:12:50,039] {logging_mixin.py:109} INFO - [2022-02-18 19:12:50,039] {dag.py:2396} INFO - Sync 1 DAGs
[2022-02-18 19:12:50,072] {processor.py:171} INFO - Processing /opt/airflow/dags/data_ingestion_gcs_dag.py took 0.404 seconds
[2022-02-18 19:13:20,166] {processor.py:163} INFO - Started process (PID=2713) to work on /opt/airflow/dags/data_ingestion_gcs_dag.py
[2022-02-18 19:13:20,171] {processor.py:642} INFO - Processing file /opt/airflow/dags/data_ingestion_gcs_dag.py for tasks to queue
[2022-02-18 19:13:20,172] {logging_mixin.py:109} INFO - [2022-02-18 19:13:20,172] {dagbag.py:500} INFO - Filling up the DagBag from /opt/airflow/dags/data_ingestion_gcs_dag.py
[2022-02-18 19:13:20,579] {processor.py:654} INFO - DAG(s) dict_keys(['data_ingestion_gcs_dag']) retrieved from /opt/airflow/dags/data_ingestion_gcs_dag.py
[2022-02-18 19:13:20,584] {logging_mixin.py:109} INFO - [2022-02-18 19:13:20,584] {dag.py:2396} INFO - Sync 1 DAGs
[2022-02-18 19:13:20,604] {processor.py:171} INFO - Processing /opt/airflow/dags/data_ingestion_gcs_dag.py took 0.445 seconds
[2022-02-18 19:13:50,694] {processor.py:163} INFO - Started process (PID=2750) to work on /opt/airflow/dags/data_ingestion_gcs_dag.py
[2022-02-18 19:13:50,697] {processor.py:642} INFO - Processing file /opt/airflow/dags/data_ingestion_gcs_dag.py for tasks to queue
[2022-02-18 19:13:50,698] {logging_mixin.py:109} INFO - [2022-02-18 19:13:50,698] {dagbag.py:500} INFO - Filling up the DagBag from /opt/airflow/dags/data_ingestion_gcs_dag.py
[2022-02-18 19:13:51,094] {processor.py:654} INFO - DAG(s) dict_keys(['data_ingestion_gcs_dag']) retrieved from /opt/airflow/dags/data_ingestion_gcs_dag.py
[2022-02-18 19:13:51,099] {logging_mixin.py:109} INFO - [2022-02-18 19:13:51,099] {dag.py:2396} INFO - Sync 1 DAGs
[2022-02-18 19:13:51,127] {processor.py:171} INFO - Processing /opt/airflow/dags/data_ingestion_gcs_dag.py took 0.440 seconds
[2022-02-18 19:14:21,195] {processor.py:163} INFO - Started process (PID=2787) to work on /opt/airflow/dags/data_ingestion_gcs_dag.py
[2022-02-18 19:14:21,218] {processor.py:642} INFO - Processing file /opt/airflow/dags/data_ingestion_gcs_dag.py for tasks to queue
[2022-02-18 19:14:21,218] {logging_mixin.py:109} INFO - [2022-02-18 19:14:21,218] {dagbag.py:500} INFO - Filling up the DagBag from /opt/airflow/dags/data_ingestion_gcs_dag.py
[2022-02-18 19:14:21,651] {processor.py:654} INFO - DAG(s) dict_keys(['data_ingestion_gcs_dag']) retrieved from /opt/airflow/dags/data_ingestion_gcs_dag.py
[2022-02-18 19:14:21,660] {logging_mixin.py:109} INFO - [2022-02-18 19:14:21,659] {dag.py:2396} INFO - Sync 1 DAGs
[2022-02-18 19:14:21,712] {processor.py:171} INFO - Processing /opt/airflow/dags/data_ingestion_gcs_dag.py took 0.518 seconds
[2022-02-18 19:14:51,803] {processor.py:163} INFO - Started process (PID=2814) to work on /opt/airflow/dags/data_ingestion_gcs_dag.py
[2022-02-18 19:14:51,818] {processor.py:642} INFO - Processing file /opt/airflow/dags/data_ingestion_gcs_dag.py for tasks to queue
[2022-02-18 19:14:51,820] {logging_mixin.py:109} INFO - [2022-02-18 19:14:51,819] {dagbag.py:500} INFO - Filling up the DagBag from /opt/airflow/dags/data_ingestion_gcs_dag.py
[2022-02-18 19:14:52,270] {processor.py:654} INFO - DAG(s) dict_keys(['data_ingestion_gcs_dag']) retrieved from /opt/airflow/dags/data_ingestion_gcs_dag.py
[2022-02-18 19:14:52,276] {logging_mixin.py:109} INFO - [2022-02-18 19:14:52,276] {dag.py:2396} INFO - Sync 1 DAGs
[2022-02-18 19:14:52,292] {processor.py:171} INFO - Processing /opt/airflow/dags/data_ingestion_gcs_dag.py took 0.496 seconds
[2022-02-18 19:15:22,386] {processor.py:163} INFO - Started process (PID=2851) to work on /opt/airflow/dags/data_ingestion_gcs_dag.py
[2022-02-18 19:15:22,389] {processor.py:642} INFO - Processing file /opt/airflow/dags/data_ingestion_gcs_dag.py for tasks to queue
[2022-02-18 19:15:22,390] {logging_mixin.py:109} INFO - [2022-02-18 19:15:22,390] {dagbag.py:500} INFO - Filling up the DagBag from /opt/airflow/dags/data_ingestion_gcs_dag.py
[2022-02-18 19:15:22,854] {processor.py:654} INFO - DAG(s) dict_keys(['data_ingestion_gcs_dag']) retrieved from /opt/airflow/dags/data_ingestion_gcs_dag.py
[2022-02-18 19:15:22,860] {logging_mixin.py:109} INFO - [2022-02-18 19:15:22,860] {dag.py:2396} INFO - Sync 1 DAGs
[2022-02-18 19:15:22,891] {processor.py:171} INFO - Processing /opt/airflow/dags/data_ingestion_gcs_dag.py took 0.512 seconds
[2022-02-18 19:15:52,985] {processor.py:163} INFO - Started process (PID=2879) to work on /opt/airflow/dags/data_ingestion_gcs_dag.py
[2022-02-18 19:15:52,987] {processor.py:642} INFO - Processing file /opt/airflow/dags/data_ingestion_gcs_dag.py for tasks to queue
[2022-02-18 19:15:52,989] {logging_mixin.py:109} INFO - [2022-02-18 19:15:52,988] {dagbag.py:500} INFO - Filling up the DagBag from /opt/airflow/dags/data_ingestion_gcs_dag.py
[2022-02-18 19:15:53,414] {processor.py:654} INFO - DAG(s) dict_keys(['data_ingestion_gcs_dag']) retrieved from /opt/airflow/dags/data_ingestion_gcs_dag.py
[2022-02-18 19:15:53,419] {logging_mixin.py:109} INFO - [2022-02-18 19:15:53,419] {dag.py:2396} INFO - Sync 1 DAGs
[2022-02-18 19:15:53,439] {processor.py:171} INFO - Processing /opt/airflow/dags/data_ingestion_gcs_dag.py took 0.462 seconds
[2022-02-18 19:16:23,530] {processor.py:163} INFO - Started process (PID=2917) to work on /opt/airflow/dags/data_ingestion_gcs_dag.py
[2022-02-18 19:16:23,536] {processor.py:642} INFO - Processing file /opt/airflow/dags/data_ingestion_gcs_dag.py for tasks to queue
[2022-02-18 19:16:23,537] {logging_mixin.py:109} INFO - [2022-02-18 19:16:23,537] {dagbag.py:500} INFO - Filling up the DagBag from /opt/airflow/dags/data_ingestion_gcs_dag.py
[2022-02-18 19:16:23,959] {processor.py:654} INFO - DAG(s) dict_keys(['data_ingestion_gcs_dag']) retrieved from /opt/airflow/dags/data_ingestion_gcs_dag.py
[2022-02-18 19:16:23,964] {logging_mixin.py:109} INFO - [2022-02-18 19:16:23,964] {dag.py:2396} INFO - Sync 1 DAGs
[2022-02-18 19:16:23,980] {processor.py:171} INFO - Processing /opt/airflow/dags/data_ingestion_gcs_dag.py took 0.458 seconds
[2022-02-18 19:16:54,073] {processor.py:163} INFO - Started process (PID=2953) to work on /opt/airflow/dags/data_ingestion_gcs_dag.py
[2022-02-18 19:16:54,075] {processor.py:642} INFO - Processing file /opt/airflow/dags/data_ingestion_gcs_dag.py for tasks to queue
[2022-02-18 19:16:54,076] {logging_mixin.py:109} INFO - [2022-02-18 19:16:54,076] {dagbag.py:500} INFO - Filling up the DagBag from /opt/airflow/dags/data_ingestion_gcs_dag.py
[2022-02-18 19:16:54,557] {processor.py:654} INFO - DAG(s) dict_keys(['data_ingestion_gcs_dag']) retrieved from /opt/airflow/dags/data_ingestion_gcs_dag.py
[2022-02-18 19:16:54,562] {logging_mixin.py:109} INFO - [2022-02-18 19:16:54,562] {dag.py:2396} INFO - Sync 1 DAGs
[2022-02-18 19:16:54,578] {processor.py:171} INFO - Processing /opt/airflow/dags/data_ingestion_gcs_dag.py took 0.512 seconds
[2022-02-18 19:17:24,660] {processor.py:163} INFO - Started process (PID=2980) to work on /opt/airflow/dags/data_ingestion_gcs_dag.py
[2022-02-18 19:17:24,664] {processor.py:642} INFO - Processing file /opt/airflow/dags/data_ingestion_gcs_dag.py for tasks to queue
[2022-02-18 19:17:24,664] {logging_mixin.py:109} INFO - [2022-02-18 19:17:24,664] {dagbag.py:500} INFO - Filling up the DagBag from /opt/airflow/dags/data_ingestion_gcs_dag.py
[2022-02-18 19:17:25,055] {processor.py:654} INFO - DAG(s) dict_keys(['data_ingestion_gcs_dag']) retrieved from /opt/airflow/dags/data_ingestion_gcs_dag.py
[2022-02-18 19:17:25,060] {logging_mixin.py:109} INFO - [2022-02-18 19:17:25,060] {dag.py:2396} INFO - Sync 1 DAGs
[2022-02-18 19:17:25,078] {processor.py:171} INFO - Processing /opt/airflow/dags/data_ingestion_gcs_dag.py took 0.419 seconds
[2022-02-18 19:17:55,144] {processor.py:163} INFO - Started process (PID=3016) to work on /opt/airflow/dags/data_ingestion_gcs_dag.py
[2022-02-18 19:17:55,144] {processor.py:642} INFO - Processing file /opt/airflow/dags/data_ingestion_gcs_dag.py for tasks to queue
[2022-02-18 19:17:55,145] {logging_mixin.py:109} INFO - [2022-02-18 19:17:55,145] {dagbag.py:500} INFO - Filling up the DagBag from /opt/airflow/dags/data_ingestion_gcs_dag.py
[2022-02-18 19:17:55,561] {processor.py:654} INFO - DAG(s) dict_keys(['data_ingestion_gcs_dag']) retrieved from /opt/airflow/dags/data_ingestion_gcs_dag.py
[2022-02-18 19:17:55,566] {logging_mixin.py:109} INFO - [2022-02-18 19:17:55,566] {dag.py:2396} INFO - Sync 1 DAGs
[2022-02-18 19:17:55,593] {processor.py:171} INFO - Processing /opt/airflow/dags/data_ingestion_gcs_dag.py took 0.451 seconds
[2022-02-18 19:18:25,662] {processor.py:163} INFO - Started process (PID=3052) to work on /opt/airflow/dags/data_ingestion_gcs_dag.py
[2022-02-18 19:18:25,670] {processor.py:642} INFO - Processing file /opt/airflow/dags/data_ingestion_gcs_dag.py for tasks to queue
[2022-02-18 19:18:25,670] {logging_mixin.py:109} INFO - [2022-02-18 19:18:25,670] {dagbag.py:500} INFO - Filling up the DagBag from /opt/airflow/dags/data_ingestion_gcs_dag.py
[2022-02-18 19:18:26,115] {processor.py:654} INFO - DAG(s) dict_keys(['data_ingestion_gcs_dag']) retrieved from /opt/airflow/dags/data_ingestion_gcs_dag.py
[2022-02-18 19:18:26,121] {logging_mixin.py:109} INFO - [2022-02-18 19:18:26,121] {dag.py:2396} INFO - Sync 1 DAGs
[2022-02-18 19:18:26,142] {processor.py:171} INFO - Processing /opt/airflow/dags/data_ingestion_gcs_dag.py took 0.482 seconds
[2022-02-18 19:18:56,208] {processor.py:163} INFO - Started process (PID=3080) to work on /opt/airflow/dags/data_ingestion_gcs_dag.py
[2022-02-18 19:18:56,209] {processor.py:642} INFO - Processing file /opt/airflow/dags/data_ingestion_gcs_dag.py for tasks to queue
[2022-02-18 19:18:56,209] {logging_mixin.py:109} INFO - [2022-02-18 19:18:56,209] {dagbag.py:500} INFO - Filling up the DagBag from /opt/airflow/dags/data_ingestion_gcs_dag.py
[2022-02-18 19:18:56,602] {processor.py:654} INFO - DAG(s) dict_keys(['data_ingestion_gcs_dag']) retrieved from /opt/airflow/dags/data_ingestion_gcs_dag.py
[2022-02-18 19:18:56,607] {logging_mixin.py:109} INFO - [2022-02-18 19:18:56,607] {dag.py:2396} INFO - Sync 1 DAGs
[2022-02-18 19:18:56,625] {processor.py:171} INFO - Processing /opt/airflow/dags/data_ingestion_gcs_dag.py took 0.418 seconds
[2022-02-18 19:19:26,707] {processor.py:163} INFO - Started process (PID=3116) to work on /opt/airflow/dags/data_ingestion_gcs_dag.py
[2022-02-18 19:19:26,708] {processor.py:642} INFO - Processing file /opt/airflow/dags/data_ingestion_gcs_dag.py for tasks to queue
[2022-02-18 19:19:26,709] {logging_mixin.py:109} INFO - [2022-02-18 19:19:26,709] {dagbag.py:500} INFO - Filling up the DagBag from /opt/airflow/dags/data_ingestion_gcs_dag.py
[2022-02-18 19:19:27,139] {processor.py:654} INFO - DAG(s) dict_keys(['data_ingestion_gcs_dag']) retrieved from /opt/airflow/dags/data_ingestion_gcs_dag.py
[2022-02-18 19:19:27,144] {logging_mixin.py:109} INFO - [2022-02-18 19:19:27,144] {dag.py:2396} INFO - Sync 1 DAGs
[2022-02-18 19:19:27,153] {logging_mixin.py:109} INFO - [2022-02-18 19:19:27,153] {dag.py:2935} INFO - Setting next_dagrun for data_ingestion_gcs_dag to 2022-02-18T00:00:00+00:00
[2022-02-18 19:19:27,166] {processor.py:171} INFO - Processing /opt/airflow/dags/data_ingestion_gcs_dag.py took 0.463 seconds
[2022-02-18 19:19:57,252] {processor.py:163} INFO - Started process (PID=3143) to work on /opt/airflow/dags/data_ingestion_gcs_dag.py
[2022-02-18 19:19:57,259] {processor.py:642} INFO - Processing file /opt/airflow/dags/data_ingestion_gcs_dag.py for tasks to queue
[2022-02-18 19:19:57,260] {logging_mixin.py:109} INFO - [2022-02-18 19:19:57,260] {dagbag.py:500} INFO - Filling up the DagBag from /opt/airflow/dags/data_ingestion_gcs_dag.py
[2022-02-18 19:19:57,740] {processor.py:654} INFO - DAG(s) dict_keys(['data_ingestion_gcs_dag']) retrieved from /opt/airflow/dags/data_ingestion_gcs_dag.py
[2022-02-18 19:19:57,744] {logging_mixin.py:109} INFO - [2022-02-18 19:19:57,744] {dag.py:2396} INFO - Sync 1 DAGs
[2022-02-18 19:19:57,753] {logging_mixin.py:109} INFO - [2022-02-18 19:19:57,753] {dag.py:2935} INFO - Setting next_dagrun for data_ingestion_gcs_dag to 2022-02-18T00:00:00+00:00
[2022-02-18 19:19:57,773] {processor.py:171} INFO - Processing /opt/airflow/dags/data_ingestion_gcs_dag.py took 0.528 seconds
[2022-02-18 19:20:27,871] {processor.py:163} INFO - Started process (PID=3180) to work on /opt/airflow/dags/data_ingestion_gcs_dag.py
[2022-02-18 19:20:27,872] {processor.py:642} INFO - Processing file /opt/airflow/dags/data_ingestion_gcs_dag.py for tasks to queue
[2022-02-18 19:20:27,872] {logging_mixin.py:109} INFO - [2022-02-18 19:20:27,872] {dagbag.py:500} INFO - Filling up the DagBag from /opt/airflow/dags/data_ingestion_gcs_dag.py
[2022-02-18 19:20:28,292] {processor.py:654} INFO - DAG(s) dict_keys(['data_ingestion_gcs_dag']) retrieved from /opt/airflow/dags/data_ingestion_gcs_dag.py
[2022-02-18 19:20:28,297] {logging_mixin.py:109} INFO - [2022-02-18 19:20:28,297] {dag.py:2396} INFO - Sync 1 DAGs
[2022-02-18 19:20:28,306] {logging_mixin.py:109} INFO - [2022-02-18 19:20:28,306] {dag.py:2935} INFO - Setting next_dagrun for data_ingestion_gcs_dag to 2022-02-18T00:00:00+00:00
[2022-02-18 19:20:28,313] {processor.py:171} INFO - Processing /opt/airflow/dags/data_ingestion_gcs_dag.py took 0.444 seconds
[2022-02-18 19:20:58,409] {processor.py:163} INFO - Started process (PID=3219) to work on /opt/airflow/dags/data_ingestion_gcs_dag.py
[2022-02-18 19:20:58,421] {processor.py:642} INFO - Processing file /opt/airflow/dags/data_ingestion_gcs_dag.py for tasks to queue
[2022-02-18 19:20:58,422] {logging_mixin.py:109} INFO - [2022-02-18 19:20:58,422] {dagbag.py:500} INFO - Filling up the DagBag from /opt/airflow/dags/data_ingestion_gcs_dag.py
[2022-02-18 19:20:58,790] {processor.py:654} INFO - DAG(s) dict_keys(['data_ingestion_gcs_dag']) retrieved from /opt/airflow/dags/data_ingestion_gcs_dag.py
[2022-02-18 19:20:58,795] {logging_mixin.py:109} INFO - [2022-02-18 19:20:58,794] {dag.py:2396} INFO - Sync 1 DAGs
[2022-02-18 19:20:58,803] {logging_mixin.py:109} INFO - [2022-02-18 19:20:58,803] {dag.py:2935} INFO - Setting next_dagrun for data_ingestion_gcs_dag to 2022-02-18T00:00:00+00:00
[2022-02-18 19:20:58,812] {processor.py:171} INFO - Processing /opt/airflow/dags/data_ingestion_gcs_dag.py took 0.404 seconds
[2022-02-18 19:21:28,879] {processor.py:163} INFO - Started process (PID=3247) to work on /opt/airflow/dags/data_ingestion_gcs_dag.py
[2022-02-18 19:21:28,895] {processor.py:642} INFO - Processing file /opt/airflow/dags/data_ingestion_gcs_dag.py for tasks to queue
[2022-02-18 19:21:28,895] {logging_mixin.py:109} INFO - [2022-02-18 19:21:28,895] {dagbag.py:500} INFO - Filling up the DagBag from /opt/airflow/dags/data_ingestion_gcs_dag.py
[2022-02-18 19:21:29,293] {processor.py:654} INFO - DAG(s) dict_keys(['data_ingestion_gcs_dag']) retrieved from /opt/airflow/dags/data_ingestion_gcs_dag.py
[2022-02-18 19:21:29,298] {logging_mixin.py:109} INFO - [2022-02-18 19:21:29,298] {dag.py:2396} INFO - Sync 1 DAGs
[2022-02-18 19:21:29,307] {logging_mixin.py:109} INFO - [2022-02-18 19:21:29,307] {dag.py:2935} INFO - Setting next_dagrun for data_ingestion_gcs_dag to 2022-02-18T00:00:00+00:00
[2022-02-18 19:21:29,319] {processor.py:171} INFO - Processing /opt/airflow/dags/data_ingestion_gcs_dag.py took 0.441 seconds
