[2022-02-20 09:19:44,135] {taskinstance.py:1032} INFO - Dependencies all met for <TaskInstance: LocalIngestionDAG.wget scheduled__2021-01-02T06:00:00+00:00 [queued]>
[2022-02-20 09:19:44,147] {taskinstance.py:1032} INFO - Dependencies all met for <TaskInstance: LocalIngestionDAG.wget scheduled__2021-01-02T06:00:00+00:00 [queued]>
[2022-02-20 09:19:44,147] {taskinstance.py:1238} INFO - 
--------------------------------------------------------------------------------
[2022-02-20 09:19:44,147] {taskinstance.py:1239} INFO - Starting attempt 4 of 4
[2022-02-20 09:19:44,147] {taskinstance.py:1240} INFO - 
--------------------------------------------------------------------------------
[2022-02-20 09:19:44,161] {taskinstance.py:1259} INFO - Executing <Task(BashOperator): wget> on 2021-01-02 06:00:00+00:00
[2022-02-20 09:19:44,166] {standard_task_runner.py:52} INFO - Started process 2356 to run task
[2022-02-20 09:19:44,171] {standard_task_runner.py:76} INFO - Running: ['***', 'tasks', 'run', 'LocalIngestionDAG', 'wget', 'scheduled__2021-01-02T06:00:00+00:00', '--job-id', '96', '--raw', '--subdir', 'DAGS_FOLDER/data_ingestion_local.py', '--cfg-path', '/tmp/tmpojsxb9ki', '--error-file', '/tmp/tmplwzrvzif']
[2022-02-20 09:19:44,172] {standard_task_runner.py:77} INFO - Job 96: Subtask wget
[2022-02-20 09:19:44,235] {logging_mixin.py:109} INFO - Running <TaskInstance: LocalIngestionDAG.wget scheduled__2021-01-02T06:00:00+00:00 [running]> on host 8b74b73dd532
[2022-02-20 09:19:44,276] {warnings.py:110} WARNING - /home/***/.local/lib/python3.7/site-packages/***/utils/context.py:152: AirflowContextDeprecationWarning: Accessing 'execution_date' from the template is deprecated and will be removed in a future version. Please use 'data_interval_start' or 'logical_date' instead.
  warnings.warn(_create_deprecation_warning(key, self._deprecation_replacements[key]))

[2022-02-20 09:19:44,299] {taskinstance.py:1426} INFO - Exporting the following env vars:
AIRFLOW_CTX_DAG_OWNER=***
AIRFLOW_CTX_DAG_ID=LocalIngestionDAG
AIRFLOW_CTX_TASK_ID=wget
AIRFLOW_CTX_EXECUTION_DATE=2021-01-02T06:00:00+00:00
AIRFLOW_CTX_DAG_RUN_ID=scheduled__2021-01-02T06:00:00+00:00
[2022-02-20 09:19:44,300] {subprocess.py:62} INFO - Tmp dir root location: 
 /tmp
[2022-02-20 09:19:44,301] {subprocess.py:74} INFO - Running command: ['bash', '-c', 'curl -sSL https://s3.amazonaws.com/nyc-tlc/trip+data/yellow_tripdata_2021-01.csv > /opt/***/output_2021-01.csv']
[2022-02-20 09:19:44,313] {subprocess.py:85} INFO - Output:
[2022-02-20 09:19:50,208] {subprocess.py:93} INFO - Command exited with return code 0
[2022-02-20 09:19:50,257] {taskinstance.py:1277} INFO - Marking task as SUCCESS. dag_id=LocalIngestionDAG, task_id=wget, execution_date=20210102T060000, start_date=20220220T091944, end_date=20220220T091950
[2022-02-20 09:19:50,301] {local_task_job.py:154} INFO - Task exited with return code 0
[2022-02-20 09:19:50,338] {local_task_job.py:264} INFO - 1 downstream tasks scheduled from follow-on schedule check
