[2022-02-20 10:08:32,209] {taskinstance.py:1032} INFO - Dependencies all met for <TaskInstance: LocalIngestionDAG.wget scheduled__2021-01-02T06:00:00+00:00 [queued]>
[2022-02-20 10:08:32,219] {taskinstance.py:1032} INFO - Dependencies all met for <TaskInstance: LocalIngestionDAG.wget scheduled__2021-01-02T06:00:00+00:00 [queued]>
[2022-02-20 10:08:32,220] {taskinstance.py:1238} INFO - 
--------------------------------------------------------------------------------
[2022-02-20 10:08:32,220] {taskinstance.py:1239} INFO - Starting attempt 9 of 9
[2022-02-20 10:08:32,220] {taskinstance.py:1240} INFO - 
--------------------------------------------------------------------------------
[2022-02-20 10:08:32,232] {taskinstance.py:1259} INFO - Executing <Task(BashOperator): wget> on 2021-01-02 06:00:00+00:00
[2022-02-20 10:08:32,237] {standard_task_runner.py:52} INFO - Started process 1005 to run task
[2022-02-20 10:08:32,242] {standard_task_runner.py:76} INFO - Running: ['***', 'tasks', 'run', 'LocalIngestionDAG', 'wget', 'scheduled__2021-01-02T06:00:00+00:00', '--job-id', '109', '--raw', '--subdir', 'DAGS_FOLDER/data_ingestion_local.py', '--cfg-path', '/tmp/tmp9olwgo8d', '--error-file', '/tmp/tmp9re6u3lz']
[2022-02-20 10:08:32,243] {standard_task_runner.py:77} INFO - Job 109: Subtask wget
[2022-02-20 10:08:32,309] {logging_mixin.py:109} INFO - Running <TaskInstance: LocalIngestionDAG.wget scheduled__2021-01-02T06:00:00+00:00 [running]> on host 8b74b73dd532
[2022-02-20 10:08:32,350] {warnings.py:110} WARNING - /home/***/.local/lib/python3.7/site-packages/***/utils/context.py:152: AirflowContextDeprecationWarning: Accessing 'execution_date' from the template is deprecated and will be removed in a future version. Please use 'data_interval_start' or 'logical_date' instead.
  warnings.warn(_create_deprecation_warning(key, self._deprecation_replacements[key]))

[2022-02-20 10:08:32,373] {taskinstance.py:1426} INFO - Exporting the following env vars:
AIRFLOW_CTX_DAG_OWNER=***
AIRFLOW_CTX_DAG_ID=LocalIngestionDAG
AIRFLOW_CTX_TASK_ID=wget
AIRFLOW_CTX_EXECUTION_DATE=2021-01-02T06:00:00+00:00
AIRFLOW_CTX_DAG_RUN_ID=scheduled__2021-01-02T06:00:00+00:00
[2022-02-20 10:08:32,374] {subprocess.py:62} INFO - Tmp dir root location: 
 /tmp
[2022-02-20 10:08:32,375] {subprocess.py:74} INFO - Running command: ['bash', '-c', 'curl -sSL https://s3.amazonaws.com/nyc-tlc/trip+data/yellow_tripdata_2021-01.csv > /opt/***/output_2021-01.csv']
[2022-02-20 10:08:32,389] {subprocess.py:85} INFO - Output:
[2022-02-20 10:08:38,007] {subprocess.py:93} INFO - Command exited with return code 0
[2022-02-20 10:08:38,042] {taskinstance.py:1277} INFO - Marking task as SUCCESS. dag_id=LocalIngestionDAG, task_id=wget, execution_date=20210102T060000, start_date=20220220T100832, end_date=20220220T100838
[2022-02-20 10:08:38,068] {local_task_job.py:154} INFO - Task exited with return code 0
[2022-02-20 10:08:38,107] {local_task_job.py:264} INFO - 1 downstream tasks scheduled from follow-on schedule check
