[2022-02-18 19:18:00,202] {taskinstance.py:1032} INFO - Dependencies all met for <TaskInstance: data_ingestion_gcs_dag.format_to_parquet_task manual__2022-02-18T18:58:50.167352+00:00 [queued]>
[2022-02-18 19:18:00,209] {taskinstance.py:1032} INFO - Dependencies all met for <TaskInstance: data_ingestion_gcs_dag.format_to_parquet_task manual__2022-02-18T18:58:50.167352+00:00 [queued]>
[2022-02-18 19:18:00,209] {taskinstance.py:1238} INFO - 
--------------------------------------------------------------------------------
[2022-02-18 19:18:00,209] {taskinstance.py:1239} INFO - Starting attempt 1 of 2
[2022-02-18 19:18:00,209] {taskinstance.py:1240} INFO - 
--------------------------------------------------------------------------------
[2022-02-18 19:18:00,216] {taskinstance.py:1259} INFO - Executing <Task(PythonOperator): format_to_parquet_task> on 2022-02-18 18:58:50.167352+00:00
[2022-02-18 19:18:00,220] {standard_task_runner.py:52} INFO - Started process 2614 to run task
[2022-02-18 19:18:00,223] {standard_task_runner.py:76} INFO - Running: ['***', 'tasks', 'run', 'data_ingestion_gcs_dag', 'format_to_parquet_task', 'manual__2022-02-18T18:58:50.167352+00:00', '--job-id', '46', '--raw', '--subdir', 'DAGS_FOLDER/data_ingestion_gcs_dag.py', '--cfg-path', '/tmp/tmpmulkwvyn', '--error-file', '/tmp/tmp1wzf4hz1']
[2022-02-18 19:18:00,224] {standard_task_runner.py:77} INFO - Job 46: Subtask format_to_parquet_task
[2022-02-18 19:18:00,258] {logging_mixin.py:109} INFO - Running <TaskInstance: data_ingestion_gcs_dag.format_to_parquet_task manual__2022-02-18T18:58:50.167352+00:00 [running]> on host 407331d5fa92
[2022-02-18 19:18:00,304] {taskinstance.py:1426} INFO - Exporting the following env vars:
AIRFLOW_CTX_DAG_OWNER=***
AIRFLOW_CTX_DAG_ID=data_ingestion_gcs_dag
AIRFLOW_CTX_TASK_ID=format_to_parquet_task
AIRFLOW_CTX_EXECUTION_DATE=2022-02-18T18:58:50.167352+00:00
AIRFLOW_CTX_DAG_RUN_ID=manual__2022-02-18T18:58:50.167352+00:00
[2022-02-18 19:18:00,971] {python.py:175} INFO - Done. Returned value was: None
[2022-02-18 19:18:01,028] {taskinstance.py:1277} INFO - Marking task as SUCCESS. dag_id=data_ingestion_gcs_dag, task_id=format_to_parquet_task, execution_date=20220218T185850, start_date=20220218T191800, end_date=20220218T191801
[2022-02-18 19:18:01,158] {local_task_job.py:154} INFO - Task exited with return code 0
[2022-02-18 19:18:01,250] {local_task_job.py:264} INFO - 1 downstream tasks scheduled from follow-on schedule check
