[2022-02-18 19:18:02,713] {taskinstance.py:1032} INFO - Dependencies all met for <TaskInstance: data_ingestion_gcs_dag.local_to_gcs_task manual__2022-02-18T18:58:50.167352+00:00 [queued]>
[2022-02-18 19:18:02,719] {taskinstance.py:1032} INFO - Dependencies all met for <TaskInstance: data_ingestion_gcs_dag.local_to_gcs_task manual__2022-02-18T18:58:50.167352+00:00 [queued]>
[2022-02-18 19:18:02,719] {taskinstance.py:1238} INFO - 
--------------------------------------------------------------------------------
[2022-02-18 19:18:02,719] {taskinstance.py:1239} INFO - Starting attempt 1 of 2
[2022-02-18 19:18:02,719] {taskinstance.py:1240} INFO - 
--------------------------------------------------------------------------------
[2022-02-18 19:18:02,733] {taskinstance.py:1259} INFO - Executing <Task(PythonOperator): local_to_gcs_task> on 2022-02-18 18:58:50.167352+00:00
[2022-02-18 19:18:02,736] {standard_task_runner.py:52} INFO - Started process 2626 to run task
[2022-02-18 19:18:02,738] {standard_task_runner.py:76} INFO - Running: ['***', 'tasks', 'run', 'data_ingestion_gcs_dag', 'local_to_gcs_task', 'manual__2022-02-18T18:58:50.167352+00:00', '--job-id', '47', '--raw', '--subdir', 'DAGS_FOLDER/data_ingestion_gcs_dag.py', '--cfg-path', '/tmp/tmpf35g24oj', '--error-file', '/tmp/tmp0t17wkgr']
[2022-02-18 19:18:02,739] {standard_task_runner.py:77} INFO - Job 47: Subtask local_to_gcs_task
[2022-02-18 19:18:02,776] {logging_mixin.py:109} INFO - Running <TaskInstance: data_ingestion_gcs_dag.local_to_gcs_task manual__2022-02-18T18:58:50.167352+00:00 [running]> on host 407331d5fa92
[2022-02-18 19:18:02,821] {taskinstance.py:1426} INFO - Exporting the following env vars:
AIRFLOW_CTX_DAG_OWNER=***
AIRFLOW_CTX_DAG_ID=data_ingestion_gcs_dag
AIRFLOW_CTX_TASK_ID=local_to_gcs_task
AIRFLOW_CTX_EXECUTION_DATE=2022-02-18T18:58:50.167352+00:00
AIRFLOW_CTX_DAG_RUN_ID=manual__2022-02-18T18:58:50.167352+00:00
[2022-02-18 19:19:17,513] {python.py:175} INFO - Done. Returned value was: None
[2022-02-18 19:19:17,520] {taskinstance.py:1277} INFO - Marking task as SUCCESS. dag_id=data_ingestion_gcs_dag, task_id=local_to_gcs_task, execution_date=20220218T185850, start_date=20220218T191802, end_date=20220218T191917
[2022-02-18 19:19:17,536] {local_task_job.py:154} INFO - Task exited with return code 0
[2022-02-18 19:19:17,555] {local_task_job.py:264} INFO - 1 downstream tasks scheduled from follow-on schedule check
