[2022-02-20 08:51:09,322] {taskinstance.py:1032} INFO - Dependencies all met for <TaskInstance: LocalIngestionDAG.wget scheduled__2021-10-02T06:00:00+00:00 [queued]>
[2022-02-20 08:51:09,340] {taskinstance.py:1032} INFO - Dependencies all met for <TaskInstance: LocalIngestionDAG.wget scheduled__2021-10-02T06:00:00+00:00 [queued]>
[2022-02-20 08:51:09,341] {taskinstance.py:1238} INFO - 
--------------------------------------------------------------------------------
[2022-02-20 08:51:09,341] {taskinstance.py:1239} INFO - Starting attempt 1 of 1
[2022-02-20 08:51:09,341] {taskinstance.py:1240} INFO - 
--------------------------------------------------------------------------------
[2022-02-20 08:51:09,366] {taskinstance.py:1259} INFO - Executing <Task(BashOperator): wget> on 2021-10-02 06:00:00+00:00
[2022-02-20 08:51:09,374] {standard_task_runner.py:52} INFO - Started process 1030 to run task
[2022-02-20 08:51:09,382] {standard_task_runner.py:76} INFO - Running: ['***', 'tasks', 'run', 'LocalIngestionDAG', 'wget', 'scheduled__2021-10-02T06:00:00+00:00', '--job-id', '85', '--raw', '--subdir', 'DAGS_FOLDER/data_ingestion_local.py', '--cfg-path', '/tmp/tmpqrr08wqy', '--error-file', '/tmp/tmpqgswweiy']
[2022-02-20 08:51:09,383] {standard_task_runner.py:77} INFO - Job 85: Subtask wget
[2022-02-20 08:51:09,498] {logging_mixin.py:109} INFO - Running <TaskInstance: LocalIngestionDAG.wget scheduled__2021-10-02T06:00:00+00:00 [running]> on host 8b74b73dd532
[2022-02-20 08:51:09,586] {taskinstance.py:1426} INFO - Exporting the following env vars:
AIRFLOW_CTX_DAG_OWNER=***
AIRFLOW_CTX_DAG_ID=LocalIngestionDAG
AIRFLOW_CTX_TASK_ID=wget
AIRFLOW_CTX_EXECUTION_DATE=2021-10-02T06:00:00+00:00
AIRFLOW_CTX_DAG_RUN_ID=scheduled__2021-10-02T06:00:00+00:00
[2022-02-20 08:51:09,588] {subprocess.py:62} INFO - Tmp dir root location: 
 /tmp
[2022-02-20 08:51:09,589] {subprocess.py:74} INFO - Running command: ['bash', '-c', 'echo "hello world"']
[2022-02-20 08:51:09,604] {subprocess.py:85} INFO - Output:
[2022-02-20 08:51:09,608] {subprocess.py:89} INFO - hello world
[2022-02-20 08:51:09,610] {subprocess.py:93} INFO - Command exited with return code 0
[2022-02-20 08:51:09,680] {taskinstance.py:1277} INFO - Marking task as SUCCESS. dag_id=LocalIngestionDAG, task_id=wget, execution_date=20211002T060000, start_date=20220220T085109, end_date=20220220T085109
[2022-02-20 08:51:09,722] {local_task_job.py:154} INFO - Task exited with return code 0
[2022-02-20 08:51:09,817] {local_task_job.py:264} INFO - 1 downstream tasks scheduled from follow-on schedule check
